<?xml version="1.0" encoding="UTF-8"?>
<testsuite xmlns:xsi="http://www.w3.org/2001/XMLSchema-instance" xsi:noNamespaceSchemaLocation="https://maven.apache.org/surefire/maven-surefire-plugin/xsd/surefire-test-report-3.0.xsd" version="3.0" name="com.gogreen.ai.config.AdminDataInitializerTest" time="9.41" tests="3" errors="0" skipped="0" failures="0">
  <properties>
[...]
</properties>
  <testcase name="applicationStartup_createsDefaultAdmin" classname="com.gogreen.ai.config.AdminDataInitializerTest" time="0.489">
    <system-out><![CDATA[12:06:04.993 [main] INFO org.springframework.test.context.support.AnnotationConfigContextLoaderUtils -- Could not detect default configuration classes for test class [com.gogreen.ai.config.AdminDataInitializerTest]: AdminDataInitializerTest does not declare any static, non-private, non-final, nested classes annotated with @Configuration.
12:06:05.141 [main] INFO org.springframework.boot.test.context.SpringBootTestContextBootstrapper -- Found @SpringBootConfiguration com.gogreen.ai.GoGreenAiApplication for test class com.gogreen.ai.config.AdminDataInitializerTest

  .   ____          _            __ _ _
 /\\ / ___'_ __ _ _(_)_ __  __ _ \ \ \ \
( ( )\___ | '_ | '_| | '_ \/ _` | \ \ \ \
 \\/  ___)| |_)| | | | | || (_| |  ) ) ) )
  '  |____| .__|_| |_|_| |_\__, | / / / /
 =========|_|==============|___/=/_/_/_/
 :: Spring Boot ::                (v3.2.4)

2026-08-10T12:06:05.622+05:30  INFO 19544 --- [GoGreen AI] [           main] c.g.ai.config.AdminDataInitializerTest   : Starting AdminDataInitializerTest using Java 25.0.1 with PID 19544 (started by Sharayu in D:\Projects\Go-Green-AI\backend)
2026-08-10T12:06:05.623+05:30  INFO 19544 --- [GoGreen AI] [           main] c.g.ai.config.AdminDataInitializerTest   : No active profile set, falling back to 1 default profile: "default"
2026-08-10T12:06:05.623+05:30 DEBUG 19544 --- [GoGreen AI] [           main] o.s.boot.SpringApplication               : Loading source class com.gogreen.ai.GoGreenAiApplication
2026-08-10T12:06:05.656+05:30 DEBUG 19544 --- [GoGreen AI] [           main] o.s.w.c.s.GenericWebApplicationContext   : Refreshing org.springframework.web.context.support.GenericWebApplicationContext@3aa3193a
2026-08-10T12:06:06.692+05:30  INFO 19544 --- [GoGreen AI] [           main] .s.d.r.c.RepositoryConfigurationDelegate : Bootstrapping Spring Data JPA repositories in DEFAULT mode.
2026-08-10T12:06:06.714+05:30 DEBUG 19544 --- [GoGreen AI] [           main] o.s.b.a.AutoConfigurationPackages        : @EnableAutoConfiguration was declared on a class in the package 'com.gogreen.ai'. Automatic @Repository and @Entity scanning is enabled.
2026-08-10T12:06:06.885+05:30  INFO 19544 --- [GoGreen AI] [           main] .s.d.r.c.RepositoryConfigurationDelegate : Finished Spring Data repository scanning in 182 ms. Found 20 JPA repository interfaces.
2026-08-10T12:06:07.546+05:30  INFO 19544 --- [GoGreen AI] [           main] o.hibernate.jpa.internal.util.LogHelper  : HHH000204: Processing PersistenceUnitInfo [name: default]
2026-08-10T12:06:07.632+05:30  INFO 19544 --- [GoGreen AI] [           main] org.hibernate.Version                    : HHH000412: Hibernate ORM core version 6.4.4.Final
2026-08-10T12:06:07.679+05:30  INFO 19544 --- [GoGreen AI] [           main] o.h.c.internal.RegionFactoryInitiator    : HHH000026: Second-level cache disabled
2026-08-10T12:06:08.052+05:30  INFO 19544 --- [GoGreen AI] [           main] o.s.o.j.p.SpringPersistenceUnitInfo      : No LoadTimeWeaver setup: ignoring JPA class transformer
2026-08-10T12:06:08.094+05:30  INFO 19544 --- [GoGreen AI] [           main] com.zaxxer.hikari.HikariDataSource       : HikariPool-1 - Starting...
2026-08-10T12:06:08.357+05:30  INFO 19544 --- [GoGreen AI] [           main] com.zaxxer.hikari.pool.HikariPool        : HikariPool-1 - Added connection conn0: url=jdbc:h2:mem:gogreen_ai_db user=SA
2026-08-10T12:06:08.358+05:30  INFO 19544 --- [GoGreen AI] [           main] com.zaxxer.hikari.HikariDataSource       : HikariPool-1 - Start completed.
2026-08-10T12:06:08.393+05:30  WARN 19544 --- [GoGreen AI] [           main] org.hibernate.orm.deprecation            : HHH90000025: H2Dialect does not need to be specified explicitly using 'hibernate.dialect' (remove the property setting and it will be selected by default)
2026-08-10T12:06:10.187+05:30  INFO 19544 --- [GoGreen AI] [           main] o.h.e.t.j.p.i.JtaPlatformInitiator       : HHH000489: No JTA platform available (set 'hibernate.transaction.jta.platform' to enable JTA platform integration)
2026-08-10T12:06:10.244+05:30 DEBUG 19544 --- [GoGreen AI] [           main] org.hibernate.SQL                        : 
    create table announcements (
        id uuid not null,
        created_at timestamp(6) not null,
        updated_at timestamp(6) not null,
        is_active boolean not null,
        message varchar(2000) not null,
        title varchar(150) not null,
        primary key (id)
    )
Hibernate: 
    create table announcements (
        id uuid not null,
        created_at timestamp(6) not null,
        updated_at timestamp(6) not null,
        is_active boolean not null,
        message varchar(2000) not null,
        title varchar(150) not null,
        primary key (id)
    )
2026-08-10T12:06:10.251+05:30 DEBUG 19544 --- [GoGreen AI] [           main] org.hibernate.SQL                        : 
    create table cart_items (
        id uuid not null,
        created_at timestamp(6) not null,
        updated_at timestamp(6) not null,
        quantity integer not null,
        cart_id uuid not null,
        plant_id uuid not null,
        primary key (id)
    )
Hibernate: 
    create table cart_items (
        id uuid not null,
        created_at timestamp(6) not null,
        updated_at timestamp(6) not null,
        quantity integer not null,
        cart_id uuid not null,
        plant_id uuid not null,
        primary key (id)
    )
2026-08-10T12:06:10.254+05:30 DEBUG 19544 --- [GoGreen AI] [           main] org.hibernate.SQL                        : 
    create table carts (
        id uuid not null,
        created_at timestamp(6) not null,
        updated_at timestamp(6) not null,
        user_id uuid not null,
        primary key (id)
    )
Hibernate: 
    create table carts (
        id uuid not null,
        created_at timestamp(6) not null,
        updated_at timestamp(6) not null,
        user_id uuid not null,
        primary key (id)
    )
2026-08-10T12:06:10.255+05:30 DEBUG 19544 --- [GoGreen AI] [           main] org.hibernate.SQL                        : 
    create table categories (
        id uuid not null,
        created_at timestamp(6) not null,
        updated_at timestamp(6) not null,
        is_active boolean not null,
        description varchar(500),
        icon varchar(100),
        image_url varchar(500),
        name varchar(100) not null,
        slug varchar(120) not null,
        parent_id uuid,
        primary key (id)
    )
Hibernate: 
    create table categories (
        id uuid not null,
        created_at timestamp(6) not null,
        updated_at timestamp(6) not null,
        is_active boolean not null,
        description varchar(500),
        icon varchar(100),
        image_url varchar(500),
        name varchar(100) not null,
        slug varchar(120) not null,
        parent_id uuid,
        primary key (id)
    )
2026-08-10T12:06:10.257+05:30 DEBUG 19544 --- [GoGreen AI] [           main] org.hibernate.SQL                        : 
    create table consultations (
        id uuid not null,
        created_at timestamp(6) not null,
        updated_at timestamp(6) not null,
        duration_minutes integer,
        meeting_link varchar(500),
        notes varchar(1000),
        scheduled_at timestamp(6),
        status varchar(30) not null check (status in ('REQUESTED','SCHEDULED','IN_PROGRESS','COMPLETED','CANCELLED')),
        subject varchar(200) not null,
        expert_id uuid not null,
        user_id uuid not null,
        primary key (id)
    )
Hibernate: 
    create table consultations (
        id uuid not null,
        created_at timestamp(6) not null,
        updated_at timestamp(6) not null,
        duration_minutes integer,
        meeting_link varchar(500),
        notes varchar(1000),
        scheduled_at timestamp(6),
        status varchar(30) not null check (status in ('REQUESTED','SCHEDULED','IN_PROGRESS','COMPLETED','CANCELLED')),
        subject varchar(200) not null,
        expert_id uuid not null,
        user_id uuid not null,
        primary key (id)
    )
2026-08-10T12:06:10.261+05:30 DEBUG 19544 --- [GoGreen AI] [           main] org.hibernate.SQL                        : 
    create table disease_histories (
        id uuid not null,
        created_at timestamp(6) not null,
        updated_at timestamp(6) not null,
        confidence_score float(53),
        date_identified date not null,
        disease_identified varchar(150) not null,
        image_url varchar(500),
        plant_name varchar(150) not null,
        recommended_action varchar(2000),
        severity varchar(20) check (severity in ('LOW','MODERATE','HIGH','CRITICAL')),
        user_id uuid not null,
        primary key (id)
    )
Hibernate: 
    create table disease_histories (
        id uuid not null,
        created_at timestamp(6) not null,
        updated_at timestamp(6) not null,
        confidence_score float(53),
        date_identified date not null,
        disease_identified varchar(150) not null,
        image_url varchar(500),
        plant_name varchar(150) not null,
        recommended_action varchar(2000),
        severity varchar(20) check (severity in ('LOW','MODERATE','HIGH','CRITICAL')),
        user_id uuid not null,
        primary key (id)
    )
2026-08-10T12:06:10.262+05:30 DEBUG 19544 --- [GoGreen AI] [           main] org.hibernate.SQL                        : 
    create table inventories (
        id uuid not null,
        created_at timestamp(6) not null,
        updated_at timestamp(6) not null,
        last_restock_date timestamp(6),
        reorder_level integer not null check (reorder_level>=0),
        reserved_quantity integer not null check (reserved_quantity>=0),
        stock_level integer not null check (stock_level>=0),
        plant_id uuid not null,
        primary key (id)
    )
Hibernate: 
    create table inventories (
        id uuid not null,
        created_at timestamp(6) not null,
        updated_at timestamp(6) not null,
        last_restock_date timestamp(6),
        reorder_level integer not null check (reorder_level>=0),
        reserved_quantity integer not null check (reserved_quantity>=0),
        stock_level integer not null check (stock_level>=0),
        plant_id uuid not null,
        primary key (id)
    )
2026-08-10T12:06:10.265+05:30 DEBUG 19544 --- [GoGreen AI] [           main] org.hibernate.SQL                        : 
    create table notifications (
        id uuid not null,
        created_at timestamp(6) not null,
        updated_at timestamp(6) not null,
        message varchar(500) not null,
        is_read boolean not null,
        read_at timestamp(6),
        title varchar(150) not null,
        type varchar(30) not null check (type in ('ORDER_UPDATE','PAYMENT','CONSULTATION','PLANT_CARE_REMINDER','DISEASE_ALERT','PROMOTION','SYSTEM')),
        user_id uuid not null,
        primary key (id)
    )
Hibernate: 
    create table notifications (
        id uuid not null,
        created_at timestamp(6) not null,
        updated_at timestamp(6) not null,
        message varchar(500) not null,
        is_read boolean not null,
        read_at timestamp(6),
        title varchar(150) not null,
        type varchar(30) not null check (type in ('ORDER_UPDATE','PAYMENT','CONSULTATION','PLANT_CARE_REMINDER','DISEASE_ALERT','PROMOTION','SYSTEM')),
        user_id uuid not null,
        primary key (id)
    )
2026-08-10T12:06:10.269+05:30 DEBUG 19544 --- [GoGreen AI] [           main] org.hibernate.SQL                        : 
    create table nurseries (
        id uuid not null,
        created_at timestamp(6) not null,
        updated_at timestamp(6) not null,
        address varchar(500) not null,
        approval_status tinyint not null check (approval_status between 0 and 3),
        city varchar(100),
        contact_email varchar(150),
        contact_phone varchar(20),
        description varchar(1000),
        logo_url varchar(500),
        name varchar(150) not null,
        postal_code varchar(20),
        rating float(53) check ((rating<=5) and (rating>=0)),
        rejection_reason varchar(500),
        is_verified boolean not null,
        user_id uuid not null,
        primary key (id)
    )
Hibernate: 
    create table nurseries (
        id uuid not null,
        created_at timestamp(6) not null,
        updated_at timestamp(6) not null,
        address varchar(500) not null,
        approval_status tinyint not null check (approval_status between 0 and 3),
        city varchar(100),
        contact_email varchar(150),
        contact_phone varchar(20),
        description varchar(1000),
        logo_url varchar(500),
        name varchar(150) not null,
        postal_code varchar(20),
        rating float(53) check ((rating<=5) and (rating>=0)),
        rejection_reason varchar(500),
        is_verified boolean not null,
        user_id uuid not null,
        primary key (id)
    )
2026-08-10T12:06:10.272+05:30 DEBUG 19544 --- [GoGreen AI] [           main] org.hibernate.SQL                        : 
    create table order_items (
        id uuid not null,
        created_at timestamp(6) not null,
        updated_at timestamp(6) not null,
        quantity integer not null,
        subtotal float(53) not null,
        unit_price float(53) not null,
        order_id uuid not null,
        plant_id uuid not null,
        primary key (id)
    )
Hibernate: 
    create table order_items (
        id uuid not null,
        created_at timestamp(6) not null,
        updated_at timestamp(6) not null,
        quantity integer not null,
        subtotal float(53) not null,
        unit_price float(53) not null,
        order_id uuid not null,
        plant_id uuid not null,
        primary key (id)
    )
2026-08-10T12:06:10.273+05:30 DEBUG 19544 --- [GoGreen AI] [           main] org.hibernate.SQL                        : 
    create table orders (
        id uuid not null,
        created_at timestamp(6) not null,
        updated_at timestamp(6) not null,
        billing_address varchar(500),
        order_number varchar(30) not null,
        shipping_address varchar(500) not null,
        status varchar(30) not null check (status in ('PENDING','CONFIRMED','PROCESSING','SHIPPED','DELIVERED','CANCELLED','REFUNDED')),
        total_amount float(53) not null,
        user_id uuid not null,
        primary key (id)
    )
Hibernate: 
    create table orders (
        id uuid not null,
        created_at timestamp(6) not null,
        updated_at timestamp(6) not null,
        billing_address varchar(500),
        order_number varchar(30) not null,
        shipping_address varchar(500) not null,
        status varchar(30) not null check (status in ('PENDING','CONFIRMED','PROCESSING','SHIPPED','DELIVERED','CANCELLED','REFUNDED')),
        total_amount float(53) not null,
        user_id uuid not null,
        primary key (id)
    )
2026-08-10T12:06:10.275+05:30 DEBUG 19544 --- [GoGreen AI] [           main] org.hibernate.SQL                        : 
    create table payments (
        id uuid not null,
        created_at timestamp(6) not null,
        updated_at timestamp(6) not null,
        amount float(53) not null,
        payment_method varchar(50) not null,
        status varchar(30) not null check (status in ('PENDING','COMPLETED','FAILED','REFUNDED')),
        transaction_id varchar(100),
        order_id uuid not null,
        primary key (id)
    )
Hibernate: 
    create table payments (
        id uuid not null,
        created_at timestamp(6) not null,
        updated_at timestamp(6) not null,
        amount float(53) not null,
        payment_method varchar(50) not null,
        status varchar(30) not null check (status in ('PENDING','COMPLETED','FAILED','REFUNDED')),
        transaction_id varchar(100),
        order_id uuid not null,
        primary key (id)
    )
2026-08-10T12:06:10.276+05:30 DEBUG 19544 --- [GoGreen AI] [           main] org.hibernate.SQL                        : 
    create table plant_diaries (
        id uuid not null,
        created_at timestamp(6) not null,
        updated_at timestamp(6) not null,
        date_started date not null,
        description varchar(500),
        plant_name varchar(150) not null,
        plant_id uuid,
        user_id uuid not null,
        primary key (id)
    )
Hibernate: 
    create table plant_diaries (
        id uuid not null,
        created_at timestamp(6) not null,
        updated_at timestamp(6) not null,
        date_started date not null,
        description varchar(500),
        plant_name varchar(150) not null,
        plant_id uuid,
        user_id uuid not null,
        primary key (id)
    )
2026-08-10T12:06:10.277+05:30 DEBUG 19544 --- [GoGreen AI] [           main] org.hibernate.SQL                        : 
    create table plant_diary_entries (
        id uuid not null,
        created_at timestamp(6) not null,
        updated_at timestamp(6) not null,
        entry_date date not null,
        note varchar(2000),
        photo_url varchar(500),
        diary_id uuid not null,
        primary key (id)
    )
Hibernate: 
    create table plant_diary_entries (
        id uuid not null,
        created_at timestamp(6) not null,
        updated_at timestamp(6) not null,
        entry_date date not null,
        note varchar(2000),
        photo_url varchar(500),
        diary_id uuid not null,
        primary key (id)
    )
2026-08-10T12:06:10.279+05:30 DEBUG 19544 --- [GoGreen AI] [           main] org.hibernate.SQL                        : 
    create table plants (
        id uuid not null,
        created_at timestamp(6) not null,
        updated_at timestamp(6) not null,
        is_active boolean not null,
        care_instructions varchar(2000),
        description varchar(2000),
        image_url varchar(500),
        name varchar(150) not null,
        plant_type varchar(30) not null check (plant_type in ('INDOOR','OUTDOOR','SUCCULENT','FLOWERING','HERB','VEGETABLE','FRUIT','BONSAI','MEDICINAL')),
        price float(53) not null,
        scientific_name varchar(150),
        sku varchar(50) not null,
        stock integer not null check (stock>=0),
        category_id uuid not null,
        nursery_id uuid not null,
        primary key (id)
    )
Hibernate: 
    create table plants (
        id uuid not null,
        created_at timestamp(6) not null,
        updated_at timestamp(6) not null,
        is_active boolean not null,
        care_instructions varchar(2000),
        description varchar(2000),
        image_url varchar(500),
        name varchar(150) not null,
        plant_type varchar(30) not null check (plant_type in ('INDOOR','OUTDOOR','SUCCULENT','FLOWERING','HERB','VEGETABLE','FRUIT','BONSAI','MEDICINAL')),
        price float(53) not null,
        scientific_name varchar(150),
        sku varchar(50) not null,
        stock integer not null check (stock>=0),
        category_id uuid not null,
        nursery_id uuid not null,
        primary key (id)
    )
2026-08-10T12:06:10.280+05:30 DEBUG 19544 --- [GoGreen AI] [           main] org.hibernate.SQL                        : 
    create table reviews (
        id uuid not null,
        created_at timestamp(6) not null,
        updated_at timestamp(6) not null,
        comment varchar(1000),
        rating integer not null check ((rating<=5) and (rating>=1)),
        plant_id uuid not null,
        user_id uuid not null,
        primary key (id)
    )
Hibernate: 
    create table reviews (
        id uuid not null,
        created_at timestamp(6) not null,
        updated_at timestamp(6) not null,
        comment varchar(1000),
        rating integer not null check ((rating<=5) and (rating>=1)),
        plant_id uuid not null,
        user_id uuid not null,
        primary key (id)
    )
2026-08-10T12:06:10.282+05:30 DEBUG 19544 --- [GoGreen AI] [           main] org.hibernate.SQL                        : 
    create table roles (
        id uuid not null,
        created_at timestamp(6) not null,
        updated_at timestamp(6) not null,
        name varchar(50) not null check (name in ('ROLE_ADMIN','ROLE_CUSTOMER','ROLE_NURSERY_OWNER','ROLE_GARDENING_EXPERT','ROLE_DELIVERY_PARTNER')),
        primary key (id)
    )
Hibernate: 
    create table roles (
        id uuid not null,
        created_at timestamp(6) not null,
        updated_at timestamp(6) not null,
        name varchar(50) not null check (name in ('ROLE_ADMIN','ROLE_CUSTOMER','ROLE_NURSERY_OWNER','ROLE_GARDENING_EXPERT','ROLE_DELIVERY_PARTNER')),
        primary key (id)
    )
2026-08-10T12:06:10.283+05:30 DEBUG 19544 --- [GoGreen AI] [           main] org.hibernate.SQL                        : 
    create table users (
        id uuid not null,
        created_at timestamp(6) not null,
        updated_at timestamp(6) not null,
        approval_status tinyint not null check (approval_status between 0 and 4),
        is_deleted boolean not null,
        email varchar(150) not null,
        enabled boolean not null,
        name varchar(100) not null,
        password varchar(255) not null,
        phone_number varchar(20),
        rejection_reason varchar(500),
        username varchar(50) not null,
        primary key (id)
    )
Hibernate: 
    create table users (
        id uuid not null,
        created_at timestamp(6) not null,
        updated_at timestamp(6) not null,
        approval_status tinyint not null check (approval_status between 0 and 4),
        is_deleted boolean not null,
        email varchar(150) not null,
        enabled boolean not null,
        name varchar(100) not null,
        password varchar(255) not null,
        phone_number varchar(20),
        rejection_reason varchar(500),
        username varchar(50) not null,
        primary key (id)
    )
2026-08-10T12:06:10.285+05:30 DEBUG 19544 --- [GoGreen AI] [           main] org.hibernate.SQL                        : 
    create table users_roles (
        user_id uuid not null,
        role_id uuid not null,
        primary key (user_id, role_id)
    )
Hibernate: 
    create table users_roles (
        user_id uuid not null,
        role_id uuid not null,
        primary key (user_id, role_id)
    )
2026-08-10T12:06:10.286+05:30 DEBUG 19544 --- [GoGreen AI] [           main] org.hibernate.SQL                        : 
    create table wishlist_items (
        id uuid not null,
        created_at timestamp(6) not null,
        updated_at timestamp(6) not null,
        plant_id uuid not null,
        wishlist_id uuid not null,
        primary key (id)
    )
Hibernate: 
    create table wishlist_items (
        id uuid not null,
        created_at timestamp(6) not null,
        updated_at timestamp(6) not null,
        plant_id uuid not null,
        wishlist_id uuid not null,
        primary key (id)
    )
2026-08-10T12:06:10.287+05:30 DEBUG 19544 --- [GoGreen AI] [           main] org.hibernate.SQL                        : 
    create table wishlists (
        id uuid not null,
        created_at timestamp(6) not null,
        updated_at timestamp(6) not null,
        user_id uuid not null,
        primary key (id)
    )
Hibernate: 
    create table wishlists (
        id uuid not null,
        created_at timestamp(6) not null,
        updated_at timestamp(6) not null,
        user_id uuid not null,
        primary key (id)
    )
2026-08-10T12:06:10.289+05:30 DEBUG 19544 --- [GoGreen AI] [           main] org.hibernate.SQL                        : 
    create index idx_announcements_active 
       on announcements (is_active)
Hibernate: 
    create index idx_announcements_active 
       on announcements (is_active)
2026-08-10T12:06:10.290+05:30 DEBUG 19544 --- [GoGreen AI] [           main] org.hibernate.SQL                        : 
    create index idx_announcements_created_at 
       on announcements (created_at)
Hibernate: 
    create index idx_announcements_created_at 
       on announcements (created_at)
2026-08-10T12:06:10.291+05:30 DEBUG 19544 --- [GoGreen AI] [           main] org.hibernate.SQL                        : 
    create index idx_cart_items_cart_id 
       on cart_items (cart_id)
Hibernate: 
    create index idx_cart_items_cart_id 
       on cart_items (cart_id)
2026-08-10T12:06:10.292+05:30 DEBUG 19544 --- [GoGreen AI] [           main] org.hibernate.SQL                        : 
    create index idx_cart_items_plant_id 
       on cart_items (plant_id)
Hibernate: 
    create index idx_cart_items_plant_id 
       on cart_items (plant_id)
2026-08-10T12:06:10.293+05:30 DEBUG 19544 --- [GoGreen AI] [           main] org.hibernate.SQL                        : 
    alter table if exists cart_items 
       drop constraint if exists uk_cart_items_cart_plant
Hibernate: 
    alter table if exists cart_items 
       drop constraint if exists uk_cart_items_cart_plant
2026-08-10T12:06:10.294+05:30 DEBUG 19544 --- [GoGreen AI] [           main] org.hibernate.SQL                        : 
    alter table if exists cart_items 
       add constraint uk_cart_items_cart_plant unique (cart_id, plant_id)
Hibernate: 
    alter table if exists cart_items 
       add constraint uk_cart_items_cart_plant unique (cart_id, plant_id)
2026-08-10T12:06:10.295+05:30 DEBUG 19544 --- [GoGreen AI] [           main] org.hibernate.SQL                        : 
    create index idx_carts_user_id 
       on carts (user_id)
Hibernate: 
    create index idx_carts_user_id 
       on carts (user_id)
2026-08-10T12:06:10.295+05:30 DEBUG 19544 --- [GoGreen AI] [           main] org.hibernate.SQL                        : 
    alter table if exists carts 
       drop constraint if exists UK_64t7ox312pqal3p7fg9o503c2
Hibernate: 
    alter table if exists carts 
       drop constraint if exists UK_64t7ox312pqal3p7fg9o503c2
2026-08-10T12:06:10.295+05:30 DEBUG 19544 --- [GoGreen AI] [           main] org.hibernate.SQL                        : 
    alter table if exists carts 
       add constraint UK_64t7ox312pqal3p7fg9o503c2 unique (user_id)
Hibernate: 
    alter table if exists carts 
       add constraint UK_64t7ox312pqal3p7fg9o503c2 unique (user_id)
2026-08-10T12:06:10.296+05:30 DEBUG 19544 --- [GoGreen AI] [           main] org.hibernate.SQL                        : 
    create index idx_categories_name 
       on categories (name)
Hibernate: 
    create index idx_categories_name 
       on categories (name)
2026-08-10T12:06:10.296+05:30 DEBUG 19544 --- [GoGreen AI] [           main] org.hibernate.SQL                        : 
    create index idx_categories_slug 
       on categories (slug)
Hibernate: 
    create index idx_categories_slug 
       on categories (slug)
2026-08-10T12:06:10.297+05:30 DEBUG 19544 --- [GoGreen AI] [           main] org.hibernate.SQL                        : 
    create index idx_categories_parent_id 
       on categories (parent_id)
Hibernate: 
    create index idx_categories_parent_id 
       on categories (parent_id)
2026-08-10T12:06:10.297+05:30 DEBUG 19544 --- [GoGreen AI] [           main] org.hibernate.SQL                        : 
    alter table if exists categories 
       drop constraint if exists UK_t8o6pivur7nn124jehx7cygw5
Hibernate: 
    alter table if exists categories 
       drop constraint if exists UK_t8o6pivur7nn124jehx7cygw5
2026-08-10T12:06:10.297+05:30 DEBUG 19544 --- [GoGreen AI] [           main] org.hibernate.SQL                        : 
    alter table if exists categories 
       add constraint UK_t8o6pivur7nn124jehx7cygw5 unique (name)
Hibernate: 
    alter table if exists categories 
       add constraint UK_t8o6pivur7nn124jehx7cygw5 unique (name)
2026-08-10T12:06:10.298+05:30 DEBUG 19544 --- [GoGreen AI] [           main] org.hibernate.SQL                        : 
    alter table if exists categories 
       drop constraint if exists UK_oul14ho7bctbefv8jywp5v3i2
Hibernate: 
    alter table if exists categories 
       drop constraint if exists UK_oul14ho7bctbefv8jywp5v3i2
2026-08-10T12:06:10.299+05:30 DEBUG 19544 --- [GoGreen AI] [           main] org.hibernate.SQL                        : 
    alter table if exists categories 
       add constraint UK_oul14ho7bctbefv8jywp5v3i2 unique (slug)
Hibernate: 
    alter table if exists categories 
       add constraint UK_oul14ho7bctbefv8jywp5v3i2 unique (slug)
2026-08-10T12:06:10.299+05:30 DEBUG 19544 --- [GoGreen AI] [           main] org.hibernate.SQL                        : 
    create index idx_consultations_user_id 
       on consultations (user_id)
Hibernate: 
    create index idx_consultations_user_id 
       on consultations (user_id)
2026-08-10T12:06:10.300+05:30 DEBUG 19544 --- [GoGreen AI] [           main] org.hibernate.SQL                        : 
    create index idx_consultations_expert_id 
       on consultations (expert_id)
Hibernate: 
    create index idx_consultations_expert_id 
       on consultations (expert_id)
2026-08-10T12:06:10.300+05:30 DEBUG 19544 --- [GoGreen AI] [           main] org.hibernate.SQL                        : 
    create index idx_consultations_status 
       on consultations (status)
Hibernate: 
    create index idx_consultations_status 
       on consultations (status)
2026-08-10T12:06:10.300+05:30 DEBUG 19544 --- [GoGreen AI] [           main] org.hibernate.SQL                        : 
    create index idx_disease_histories_user_id 
       on disease_histories (user_id)
Hibernate: 
    create index idx_disease_histories_user_id 
       on disease_histories (user_id)
2026-08-10T12:06:10.300+05:30 DEBUG 19544 --- [GoGreen AI] [           main] org.hibernate.SQL                        : 
    create index idx_disease_histories_date 
       on disease_histories (date_identified)
Hibernate: 
    create index idx_disease_histories_date 
       on disease_histories (date_identified)
2026-08-10T12:06:10.301+05:30 DEBUG 19544 --- [GoGreen AI] [           main] org.hibernate.SQL                        : 
    create index idx_inventories_plant_id 
       on inventories (plant_id)
Hibernate: 
    create index idx_inventories_plant_id 
       on inventories (plant_id)
2026-08-10T12:06:10.301+05:30 DEBUG 19544 --- [GoGreen AI] [           main] org.hibernate.SQL                        : 
    alter table if exists inventories 
       drop constraint if exists UK_hc1a4bn7ygkyaamxv5kogx4yc
Hibernate: 
    alter table if exists inventories 
       drop constraint if exists UK_hc1a4bn7ygkyaamxv5kogx4yc
2026-08-10T12:06:10.301+05:30 DEBUG 19544 --- [GoGreen AI] [           main] org.hibernate.SQL                        : 
    alter table if exists inventories 
       add constraint UK_hc1a4bn7ygkyaamxv5kogx4yc unique (plant_id)
Hibernate: 
    alter table if exists inventories 
       add constraint UK_hc1a4bn7ygkyaamxv5kogx4yc unique (plant_id)
2026-08-10T12:06:10.301+05:30 DEBUG 19544 --- [GoGreen AI] [           main] org.hibernate.SQL                        : 
    create index idx_notifications_user_id 
       on notifications (user_id)
Hibernate: 
    create index idx_notifications_user_id 
       on notifications (user_id)
2026-08-10T12:06:10.302+05:30 DEBUG 19544 --- [GoGreen AI] [           main] org.hibernate.SQL                        : 
    create index idx_notifications_type 
       on notifications (type)
Hibernate: 
    create index idx_notifications_type 
       on notifications (type)
2026-08-10T12:06:10.302+05:30 DEBUG 19544 --- [GoGreen AI] [           main] org.hibernate.SQL                        : 
    create index idx_notifications_is_read 
       on notifications (is_read)
Hibernate: 
    create index idx_notifications_is_read 
       on notifications (is_read)
2026-08-10T12:06:10.302+05:30 DEBUG 19544 --- [GoGreen AI] [           main] org.hibernate.SQL                        : 
    create index idx_nurseries_name 
       on nurseries (name)
Hibernate: 
    create index idx_nurseries_name 
       on nurseries (name)
2026-08-10T12:06:10.303+05:30 DEBUG 19544 --- [GoGreen AI] [           main] org.hibernate.SQL                        : 
    create index idx_nurseries_user_id 
       on nurseries (user_id)
Hibernate: 
    create index idx_nurseries_user_id 
       on nurseries (user_id)
2026-08-10T12:06:10.304+05:30 DEBUG 19544 --- [GoGreen AI] [           main] org.hibernate.SQL                        : 
    alter table if exists nurseries 
       drop constraint if exists UK_fsq0disww700guhgrdee6ad3p
Hibernate: 
    alter table if exists nurseries 
       drop constraint if exists UK_fsq0disww700guhgrdee6ad3p
2026-08-10T12:06:10.304+05:30 DEBUG 19544 --- [GoGreen AI] [           main] org.hibernate.SQL                        : 
    alter table if exists nurseries 
       add constraint UK_fsq0disww700guhgrdee6ad3p unique (user_id)
Hibernate: 
    alter table if exists nurseries 
       add constraint UK_fsq0disww700guhgrdee6ad3p unique (user_id)
2026-08-10T12:06:10.305+05:30 DEBUG 19544 --- [GoGreen AI] [           main] org.hibernate.SQL                        : 
    create index idx_order_items_order_id 
       on order_items (order_id)
Hibernate: 
    create index idx_order_items_order_id 
       on order_items (order_id)
2026-08-10T12:06:10.306+05:30 DEBUG 19544 --- [GoGreen AI] [           main] org.hibernate.SQL                        : 
    create index idx_order_items_plant_id 
       on order_items (plant_id)
Hibernate: 
    create index idx_order_items_plant_id 
       on order_items (plant_id)
2026-08-10T12:06:10.306+05:30 DEBUG 19544 --- [GoGreen AI] [           main] org.hibernate.SQL                        : 
    create index idx_orders_user_id 
       on orders (user_id)
Hibernate: 
    create index idx_orders_user_id 
       on orders (user_id)
2026-08-10T12:06:10.307+05:30 DEBUG 19544 --- [GoGreen AI] [           main] org.hibernate.SQL                        : 
    create index idx_orders_status 
       on orders (status)
Hibernate: 
    create index idx_orders_status 
       on orders (status)
2026-08-10T12:06:10.307+05:30 DEBUG 19544 --- [GoGreen AI] [           main] org.hibernate.SQL                        : 
    create index idx_orders_order_number 
       on orders (order_number)
Hibernate: 
    create index idx_orders_order_number 
       on orders (order_number)
2026-08-10T12:06:10.308+05:30 DEBUG 19544 --- [GoGreen AI] [           main] org.hibernate.SQL                        : 
    alter table if exists orders 
       drop constraint if exists UK_nthkiu7pgmnqnu86i2jyoe2v7
Hibernate: 
    alter table if exists orders 
       drop constraint if exists UK_nthkiu7pgmnqnu86i2jyoe2v7
2026-08-10T12:06:10.308+05:30 DEBUG 19544 --- [GoGreen AI] [           main] org.hibernate.SQL                        : 
    alter table if exists orders 
       add constraint UK_nthkiu7pgmnqnu86i2jyoe2v7 unique (order_number)
Hibernate: 
    alter table if exists orders 
       add constraint UK_nthkiu7pgmnqnu86i2jyoe2v7 unique (order_number)
2026-08-10T12:06:10.308+05:30 DEBUG 19544 --- [GoGreen AI] [           main] org.hibernate.SQL                        : 
    create index idx_payments_order_id 
       on payments (order_id)
Hibernate: 
    create index idx_payments_order_id 
       on payments (order_id)
2026-08-10T12:06:10.309+05:30 DEBUG 19544 --- [GoGreen AI] [           main] org.hibernate.SQL                        : 
    create index idx_payments_status 
       on payments (status)
Hibernate: 
    create index idx_payments_status 
       on payments (status)
2026-08-10T12:06:10.309+05:30 DEBUG 19544 --- [GoGreen AI] [           main] org.hibernate.SQL                        : 
    create index idx_payments_transaction_id 
       on payments (transaction_id)
Hibernate: 
    create index idx_payments_transaction_id 
       on payments (transaction_id)
2026-08-10T12:06:10.309+05:30 DEBUG 19544 --- [GoGreen AI] [           main] org.hibernate.SQL                        : 
    alter table if exists payments 
       drop constraint if exists UK_lryndveuwa4k5qthti0pkmtlx
Hibernate: 
    alter table if exists payments 
       drop constraint if exists UK_lryndveuwa4k5qthti0pkmtlx
2026-08-10T12:06:10.309+05:30 DEBUG 19544 --- [GoGreen AI] [           main] org.hibernate.SQL                        : 
    alter table if exists payments 
       add constraint UK_lryndveuwa4k5qthti0pkmtlx unique (transaction_id)
Hibernate: 
    alter table if exists payments 
       add constraint UK_lryndveuwa4k5qthti0pkmtlx unique (transaction_id)
2026-08-10T12:06:10.310+05:30 DEBUG 19544 --- [GoGreen AI] [           main] org.hibernate.SQL                        : 
    alter table if exists payments 
       drop constraint if exists UK_8vo36cen604as7etdfwmyjsxt
Hibernate: 
    alter table if exists payments 
       drop constraint if exists UK_8vo36cen604as7etdfwmyjsxt
2026-08-10T12:06:10.310+05:30 DEBUG 19544 --- [GoGreen AI] [           main] org.hibernate.SQL                        : 
    alter table if exists payments 
       add constraint UK_8vo36cen604as7etdfwmyjsxt unique (order_id)
Hibernate: 
    alter table if exists payments 
       add constraint UK_8vo36cen604as7etdfwmyjsxt unique (order_id)
2026-08-10T12:06:10.310+05:30 DEBUG 19544 --- [GoGreen AI] [           main] org.hibernate.SQL                        : 
    create index idx_plant_diaries_user_id 
       on plant_diaries (user_id)
Hibernate: 
    create index idx_plant_diaries_user_id 
       on plant_diaries (user_id)
2026-08-10T12:06:10.311+05:30 DEBUG 19544 --- [GoGreen AI] [           main] org.hibernate.SQL                        : 
    create index idx_plant_diaries_plant_id 
       on plant_diaries (plant_id)
Hibernate: 
    create index idx_plant_diaries_plant_id 
       on plant_diaries (plant_id)
2026-08-10T12:06:10.311+05:30 DEBUG 19544 --- [GoGreen AI] [           main] org.hibernate.SQL                        : 
    create index idx_plant_diary_entries_diary_id 
       on plant_diary_entries (diary_id)
Hibernate: 
    create index idx_plant_diary_entries_diary_id 
       on plant_diary_entries (diary_id)
2026-08-10T12:06:10.312+05:30 DEBUG 19544 --- [GoGreen AI] [           main] org.hibernate.SQL                        : 
    create index idx_plant_diary_entries_entry_date 
       on plant_diary_entries (entry_date)
Hibernate: 
    create index idx_plant_diary_entries_entry_date 
       on plant_diary_entries (entry_date)
2026-08-10T12:06:10.312+05:30 DEBUG 19544 --- [GoGreen AI] [           main] org.hibernate.SQL                        : 
    create index idx_plants_nursery_id 
       on plants (nursery_id)
Hibernate: 
    create index idx_plants_nursery_id 
       on plants (nursery_id)
2026-08-10T12:06:10.314+05:30 DEBUG 19544 --- [GoGreen AI] [           main] org.hibernate.SQL                        : 
    create index idx_plants_category_id 
       on plants (category_id)
Hibernate: 
    create index idx_plants_category_id 
       on plants (category_id)
2026-08-10T12:06:10.314+05:30 DEBUG 19544 --- [GoGreen AI] [           main] org.hibernate.SQL                        : 
    create index idx_plants_name 
       on plants (name)
Hibernate: 
    create index idx_plants_name 
       on plants (name)
2026-08-10T12:06:10.315+05:30 DEBUG 19544 --- [GoGreen AI] [           main] org.hibernate.SQL                        : 
    create index idx_plants_plant_type 
       on plants (plant_type)
Hibernate: 
    create index idx_plants_plant_type 
       on plants (plant_type)
2026-08-10T12:06:10.315+05:30 DEBUG 19544 --- [GoGreen AI] [           main] org.hibernate.SQL                        : 
    alter table if exists plants 
       drop constraint if exists uk_plants_nursery_sku
Hibernate: 
    alter table if exists plants 
       drop constraint if exists uk_plants_nursery_sku
2026-08-10T12:06:10.315+05:30 DEBUG 19544 --- [GoGreen AI] [           main] org.hibernate.SQL                        : 
    alter table if exists plants 
       add constraint uk_plants_nursery_sku unique (nursery_id, sku)
Hibernate: 
    alter table if exists plants 
       add constraint uk_plants_nursery_sku unique (nursery_id, sku)
2026-08-10T12:06:10.315+05:30 DEBUG 19544 --- [GoGreen AI] [           main] org.hibernate.SQL                        : 
    create index idx_reviews_user_id 
       on reviews (user_id)
Hibernate: 
    create index idx_reviews_user_id 
       on reviews (user_id)
2026-08-10T12:06:10.316+05:30 DEBUG 19544 --- [GoGreen AI] [           main] org.hibernate.SQL                        : 
    create index idx_reviews_plant_id 
       on reviews (plant_id)
Hibernate: 
    create index idx_reviews_plant_id 
       on reviews (plant_id)
2026-08-10T12:06:10.316+05:30 DEBUG 19544 --- [GoGreen AI] [           main] org.hibernate.SQL                        : 
    alter table if exists reviews 
       drop constraint if exists uk_reviews_user_plant
Hibernate: 
    alter table if exists reviews 
       drop constraint if exists uk_reviews_user_plant
2026-08-10T12:06:10.316+05:30 DEBUG 19544 --- [GoGreen AI] [           main] org.hibernate.SQL                        : 
    alter table if exists reviews 
       add constraint uk_reviews_user_plant unique (user_id, plant_id)
Hibernate: 
    alter table if exists reviews 
       add constraint uk_reviews_user_plant unique (user_id, plant_id)
2026-08-10T12:06:10.317+05:30 DEBUG 19544 --- [GoGreen AI] [           main] org.hibernate.SQL                        : 
    create index idx_roles_name 
       on roles (name)
Hibernate: 
    create index idx_roles_name 
       on roles (name)
2026-08-10T12:06:10.317+05:30 DEBUG 19544 --- [GoGreen AI] [           main] org.hibernate.SQL                        : 
    alter table if exists roles 
       drop constraint if exists UK_ofx66keruapi6vyqpv6f2or37
Hibernate: 
    alter table if exists roles 
       drop constraint if exists UK_ofx66keruapi6vyqpv6f2or37
2026-08-10T12:06:10.317+05:30 DEBUG 19544 --- [GoGreen AI] [           main] org.hibernate.SQL                        : 
    alter table if exists roles 
       add constraint UK_ofx66keruapi6vyqpv6f2or37 unique (name)
Hibernate: 
    alter table if exists roles 
       add constraint UK_ofx66keruapi6vyqpv6f2or37 unique (name)
2026-08-10T12:06:10.317+05:30 DEBUG 19544 --- [GoGreen AI] [           main] org.hibernate.SQL                        : 
    create index idx_users_email 
       on users (email)
Hibernate: 
    create index idx_users_email 
       on users (email)
2026-08-10T12:06:10.317+05:30 DEBUG 19544 --- [GoGreen AI] [           main] org.hibernate.SQL                        : 
    create index idx_users_username 
       on users (username)
Hibernate: 
    create index idx_users_username 
       on users (username)
2026-08-10T12:06:10.318+05:30 DEBUG 19544 --- [GoGreen AI] [           main] org.hibernate.SQL                        : 
    alter table if exists users 
       drop constraint if exists UK_6dotkott2kjsp8vw4d0m25fb7
Hibernate: 
    alter table if exists users 
       drop constraint if exists UK_6dotkott2kjsp8vw4d0m25fb7
2026-08-10T12:06:10.319+05:30 DEBUG 19544 --- [GoGreen AI] [           main] org.hibernate.SQL                        : 
    alter table if exists users 
       add constraint UK_6dotkott2kjsp8vw4d0m25fb7 unique (email)
Hibernate: 
    alter table if exists users 
       add constraint UK_6dotkott2kjsp8vw4d0m25fb7 unique (email)
2026-08-10T12:06:10.320+05:30 DEBUG 19544 --- [GoGreen AI] [           main] org.hibernate.SQL                        : 
    alter table if exists users 
       drop constraint if exists UK_r43af9ap4edm43mmtq01oddj6
Hibernate: 
    alter table if exists users 
       drop constraint if exists UK_r43af9ap4edm43mmtq01oddj6
2026-08-10T12:06:10.320+05:30 DEBUG 19544 --- [GoGreen AI] [           main] org.hibernate.SQL                        : 
    alter table if exists users 
       add constraint UK_r43af9ap4edm43mmtq01oddj6 unique (username)
Hibernate: 
    alter table if exists users 
       add constraint UK_r43af9ap4edm43mmtq01oddj6 unique (username)
2026-08-10T12:06:10.321+05:30 DEBUG 19544 --- [GoGreen AI] [           main] org.hibernate.SQL                        : 
    create index idx_wishlist_items_wishlist_id 
       on wishlist_items (wishlist_id)
Hibernate: 
    create index idx_wishlist_items_wishlist_id 
       on wishlist_items (wishlist_id)
2026-08-10T12:06:10.321+05:30 DEBUG 19544 --- [GoGreen AI] [           main] org.hibernate.SQL                        : 
    create index idx_wishlist_items_plant_id 
       on wishlist_items (plant_id)
Hibernate: 
    create index idx_wishlist_items_plant_id 
       on wishlist_items (plant_id)
2026-08-10T12:06:10.321+05:30 DEBUG 19544 --- [GoGreen AI] [           main] org.hibernate.SQL                        : 
    alter table if exists wishlist_items 
       drop constraint if exists uk_wishlist_items_wishlist_plant
Hibernate: 
    alter table if exists wishlist_items 
       drop constraint if exists uk_wishlist_items_wishlist_plant
2026-08-10T12:06:10.321+05:30 DEBUG 19544 --- [GoGreen AI] [           main] org.hibernate.SQL                        : 
    alter table if exists wishlist_items 
       add constraint uk_wishlist_items_wishlist_plant unique (wishlist_id, plant_id)
Hibernate: 
    alter table if exists wishlist_items 
       add constraint uk_wishlist_items_wishlist_plant unique (wishlist_id, plant_id)
2026-08-10T12:06:10.322+05:30 DEBUG 19544 --- [GoGreen AI] [           main] org.hibernate.SQL                        : 
    create index idx_wishlists_user_id 
       on wishlists (user_id)
Hibernate: 
    create index idx_wishlists_user_id 
       on wishlists (user_id)
2026-08-10T12:06:10.322+05:30 DEBUG 19544 --- [GoGreen AI] [           main] org.hibernate.SQL                        : 
    alter table if exists wishlists 
       drop constraint if exists UK_obh8c909a28dx3aqh4cbdhh25
Hibernate: 
    alter table if exists wishlists 
       drop constraint if exists UK_obh8c909a28dx3aqh4cbdhh25
2026-08-10T12:06:10.322+05:30 DEBUG 19544 --- [GoGreen AI] [           main] org.hibernate.SQL                        : 
    alter table if exists wishlists 
       add constraint UK_obh8c909a28dx3aqh4cbdhh25 unique (user_id)
Hibernate: 
    alter table if exists wishlists 
       add constraint UK_obh8c909a28dx3aqh4cbdhh25 unique (user_id)
2026-08-10T12:06:10.323+05:30 DEBUG 19544 --- [GoGreen AI] [           main] org.hibernate.SQL                        : 
    alter table if exists cart_items 
       add constraint FKpcttvuq4mxppo8sxggjtn5i2c 
       foreign key (cart_id) 
       references carts
Hibernate: 
    alter table if exists cart_items 
       add constraint FKpcttvuq4mxppo8sxggjtn5i2c 
       foreign key (cart_id) 
       references carts
2026-08-10T12:06:10.329+05:30 DEBUG 19544 --- [GoGreen AI] [           main] org.hibernate.SQL                        : 
    alter table if exists cart_items 
       add constraint FKa4imbp4bk4tbpoqgup47284nw 
       foreign key (plant_id) 
       references plants
Hibernate: 
    alter table if exists cart_items 
       add constraint FKa4imbp4bk4tbpoqgup47284nw 
       foreign key (plant_id) 
       references plants
2026-08-10T12:06:10.330+05:30 DEBUG 19544 --- [GoGreen AI] [           main] org.hibernate.SQL                        : 
    alter table if exists carts 
       add constraint FKb5o626f86h46m4s7ms6ginnop 
       foreign key (user_id) 
       references users
Hibernate: 
    alter table if exists carts 
       add constraint FKb5o626f86h46m4s7ms6ginnop 
       foreign key (user_id) 
       references users
2026-08-10T12:06:10.332+05:30 DEBUG 19544 --- [GoGreen AI] [           main] org.hibernate.SQL                        : 
    alter table if exists categories 
       add constraint FKsaok720gsu4u2wrgbk10b5n8d 
       foreign key (parent_id) 
       references categories
Hibernate: 
    alter table if exists categories 
       add constraint FKsaok720gsu4u2wrgbk10b5n8d 
       foreign key (parent_id) 
       references categories
2026-08-10T12:06:10.333+05:30 DEBUG 19544 --- [GoGreen AI] [           main] org.hibernate.SQL                        : 
    alter table if exists consultations 
       add constraint FKrncaaitent6a0e0vba7b0w521 
       foreign key (expert_id) 
       references users
Hibernate: 
    alter table if exists consultations 
       add constraint FKrncaaitent6a0e0vba7b0w521 
       foreign key (expert_id) 
       references users
2026-08-10T12:06:10.334+05:30 DEBUG 19544 --- [GoGreen AI] [           main] org.hibernate.SQL                        : 
    alter table if exists consultations 
       add constraint FK96gr1fy33fqe11s3fi2ynyq24 
       foreign key (user_id) 
       references users
Hibernate: 
    alter table if exists consultations 
       add constraint FK96gr1fy33fqe11s3fi2ynyq24 
       foreign key (user_id) 
       references users
2026-08-10T12:06:10.336+05:30 DEBUG 19544 --- [GoGreen AI] [           main] org.hibernate.SQL                        : 
    alter table if exists disease_histories 
       add constraint FK3vqf4ebqcopc2vbdhjvfiwwoa 
       foreign key (user_id) 
       references users
Hibernate: 
    alter table if exists disease_histories 
       add constraint FK3vqf4ebqcopc2vbdhjvfiwwoa 
       foreign key (user_id) 
       references users
2026-08-10T12:06:10.337+05:30 DEBUG 19544 --- [GoGreen AI] [           main] org.hibernate.SQL                        : 
    alter table if exists inventories 
       add constraint FKh3s7ougv0c5jw0bql5uy3l7g7 
       foreign key (plant_id) 
       references plants
Hibernate: 
    alter table if exists inventories 
       add constraint FKh3s7ougv0c5jw0bql5uy3l7g7 
       foreign key (plant_id) 
       references plants
2026-08-10T12:06:10.338+05:30 DEBUG 19544 --- [GoGreen AI] [           main] org.hibernate.SQL                        : 
    alter table if exists notifications 
       add constraint FK9y21adhxn0ayjhfocscqox7bh 
       foreign key (user_id) 
       references users
Hibernate: 
    alter table if exists notifications 
       add constraint FK9y21adhxn0ayjhfocscqox7bh 
       foreign key (user_id) 
       references users
2026-08-10T12:06:10.339+05:30 DEBUG 19544 --- [GoGreen AI] [           main] org.hibernate.SQL                        : 
    alter table if exists nurseries 
       add constraint FK66ve2gvy1n79t8vueh4kfc03k 
       foreign key (user_id) 
       references users
Hibernate: 
    alter table if exists nurseries 
       add constraint FK66ve2gvy1n79t8vueh4kfc03k 
       foreign key (user_id) 
       references users
2026-08-10T12:06:10.340+05:30 DEBUG 19544 --- [GoGreen AI] [           main] org.hibernate.SQL                        : 
    alter table if exists order_items 
       add constraint FKbioxgbv59vetrxe0ejfubep1w 
       foreign key (order_id) 
       references orders
Hibernate: 
    alter table if exists order_items 
       add constraint FKbioxgbv59vetrxe0ejfubep1w 
       foreign key (order_id) 
       references orders
2026-08-10T12:06:10.342+05:30 DEBUG 19544 --- [GoGreen AI] [           main] org.hibernate.SQL                        : 
    alter table if exists order_items 
       add constraint FKh19tu3fmpiq6task47pamxkg8 
       foreign key (plant_id) 
       references plants
Hibernate: 
    alter table if exists order_items 
       add constraint FKh19tu3fmpiq6task47pamxkg8 
       foreign key (plant_id) 
       references plants
2026-08-10T12:06:10.343+05:30 DEBUG 19544 --- [GoGreen AI] [           main] org.hibernate.SQL                        : 
    alter table if exists orders 
       add constraint FK32ql8ubntj5uh44ph9659tiih 
       foreign key (user_id) 
       references users
Hibernate: 
    alter table if exists orders 
       add constraint FK32ql8ubntj5uh44ph9659tiih 
       foreign key (user_id) 
       references users
2026-08-10T12:06:10.344+05:30 DEBUG 19544 --- [GoGreen AI] [           main] org.hibernate.SQL                        : 
    alter table if exists payments 
       add constraint FK81gagumt0r8y3rmudcgpbk42l 
       foreign key (order_id) 
       references orders
Hibernate: 
    alter table if exists payments 
       add constraint FK81gagumt0r8y3rmudcgpbk42l 
       foreign key (order_id) 
       references orders
2026-08-10T12:06:10.345+05:30 DEBUG 19544 --- [GoGreen AI] [           main] org.hibernate.SQL                        : 
    alter table if exists plant_diaries 
       add constraint FK9xmjh9xhbir1oc0hgly9k7qa 
       foreign key (plant_id) 
       references plants
Hibernate: 
    alter table if exists plant_diaries 
       add constraint FK9xmjh9xhbir1oc0hgly9k7qa 
       foreign key (plant_id) 
       references plants
2026-08-10T12:06:10.348+05:30 DEBUG 19544 --- [GoGreen AI] [           main] org.hibernate.SQL                        : 
    alter table if exists plant_diaries 
       add constraint FKcnej4fth8md0l3igqq4r9rens 
       foreign key (user_id) 
       references users
Hibernate: 
    alter table if exists plant_diaries 
       add constraint FKcnej4fth8md0l3igqq4r9rens 
       foreign key (user_id) 
       references users
2026-08-10T12:06:10.351+05:30 DEBUG 19544 --- [GoGreen AI] [           main] org.hibernate.SQL                        : 
    alter table if exists plant_diary_entries 
       add constraint FKptutkhjg5ubnwnsm6mv7eimdb 
       foreign key (diary_id) 
       references plant_diaries
Hibernate: 
    alter table if exists plant_diary_entries 
       add constraint FKptutkhjg5ubnwnsm6mv7eimdb 
       foreign key (diary_id) 
       references plant_diaries
2026-08-10T12:06:10.353+05:30 DEBUG 19544 --- [GoGreen AI] [           main] org.hibernate.SQL                        : 
    alter table if exists plants 
       add constraint FKgk96wou3hd3xfgqlisa1e0lyc 
       foreign key (category_id) 
       references categories
Hibernate: 
    alter table if exists plants 
       add constraint FKgk96wou3hd3xfgqlisa1e0lyc 
       foreign key (category_id) 
       references categories
2026-08-10T12:06:10.356+05:30 DEBUG 19544 --- [GoGreen AI] [           main] org.hibernate.SQL                        : 
    alter table if exists plants 
       add constraint FKtb1vnn4n5rxt0aabivf9m1wtv 
       foreign key (nursery_id) 
       references nurseries
Hibernate: 
    alter table if exists plants 
       add constraint FKtb1vnn4n5rxt0aabivf9m1wtv 
       foreign key (nursery_id) 
       references nurseries
2026-08-10T12:06:10.357+05:30 DEBUG 19544 --- [GoGreen AI] [           main] org.hibernate.SQL                        : 
    alter table if exists reviews 
       add constraint FKikupr4md3v4ummq9116lwio4v 
       foreign key (plant_id) 
       references plants
Hibernate: 
    alter table if exists reviews 
       add constraint FKikupr4md3v4ummq9116lwio4v 
       foreign key (plant_id) 
       references plants
2026-08-10T12:06:10.359+05:30 DEBUG 19544 --- [GoGreen AI] [           main] org.hibernate.SQL                        : 
    alter table if exists reviews 
       add constraint FKcgy7qjc1r99dp117y9en6lxye 
       foreign key (user_id) 
       references users
Hibernate: 
    alter table if exists reviews 
       add constraint FKcgy7qjc1r99dp117y9en6lxye 
       foreign key (user_id) 
       references users
2026-08-10T12:06:10.361+05:30 DEBUG 19544 --- [GoGreen AI] [           main] org.hibernate.SQL                        : 
    alter table if exists users_roles 
       add constraint FKj6m8fwv7oqv74fcehir1a9ffy 
       foreign key (role_id) 
       references roles
Hibernate: 
    alter table if exists users_roles 
       add constraint FKj6m8fwv7oqv74fcehir1a9ffy 
       foreign key (role_id) 
       references roles
2026-08-10T12:06:10.363+05:30 DEBUG 19544 --- [GoGreen AI] [           main] org.hibernate.SQL                        : 
    alter table if exists users_roles 
       add constraint FK2o0jvgh89lemvvo17cbqvdxaa 
       foreign key (user_id) 
       references users
Hibernate: 
    alter table if exists users_roles 
       add constraint FK2o0jvgh89lemvvo17cbqvdxaa 
       foreign key (user_id) 
       references users
2026-08-10T12:06:10.365+05:30 DEBUG 19544 --- [GoGreen AI] [           main] org.hibernate.SQL                        : 
    alter table if exists wishlist_items 
       add constraint FKcsqlen45tul6dx16r9mwl4hc1 
       foreign key (plant_id) 
       references plants
Hibernate: 
    alter table if exists wishlist_items 
       add constraint FKcsqlen45tul6dx16r9mwl4hc1 
       foreign key (plant_id) 
       references plants
2026-08-10T12:06:10.367+05:30 DEBUG 19544 --- [GoGreen AI] [           main] org.hibernate.SQL                        : 
    alter table if exists wishlist_items 
       add constraint FKkem9l8vd14pk3cc4elnpl0n00 
       foreign key (wishlist_id) 
       references wishlists
Hibernate: 
    alter table if exists wishlist_items 
       add constraint FKkem9l8vd14pk3cc4elnpl0n00 
       foreign key (wishlist_id) 
       references wishlists
2026-08-10T12:06:10.370+05:30 DEBUG 19544 --- [GoGreen AI] [           main] org.hibernate.SQL                        : 
    alter table if exists wishlists 
       add constraint FK330pyw2el06fn5g28ypyljt16 
       foreign key (user_id) 
       references users
Hibernate: 
    alter table if exists wishlists 
       add constraint FK330pyw2el06fn5g28ypyljt16 
       foreign key (user_id) 
       references users
2026-08-10T12:06:10.377+05:30  INFO 19544 --- [GoGreen AI] [           main] j.LocalContainerEntityManagerFactoryBean : Initialized JPA EntityManagerFactory for persistence unit 'default'
2026-08-10T12:06:10.907+05:30  INFO 19544 --- [GoGreen AI] [           main] o.s.d.j.r.query.QueryEnhancerFactory     : Hibernate is in classpath; If applicable, HQL parser will be used.
2026-08-10T12:06:12.214+05:30  WARN 19544 --- [GoGreen AI] [           main] JpaBaseConfiguration$JpaWebConfiguration : spring.jpa.open-in-view is enabled by default. Therefore, database queries may be performed during view rendering. Explicitly configure spring.jpa.open-in-view to disable this warning
2026-08-10T12:06:12.391+05:30 DEBUG 19544 --- [GoGreen AI] [           main] s.w.s.m.m.a.RequestMappingHandlerMapping : 79 mappings in 'requestMappingHandlerMapping'
2026-08-10T12:06:12.549+05:30 DEBUG 19544 --- [GoGreen AI] [           main] o.s.w.s.handler.SimpleUrlHandlerMapping  : Patterns [/webjars/**, /**, /swagger-ui*/*swagger-initializer.js, /swagger-ui*/**] in 'resourceHandlerMapping'
2026-08-10T12:06:12.580+05:30  INFO 19544 --- [GoGreen AI] [           main] o.s.s.web.DefaultSecurityFilterChain     : Will secure any request with [org.springframework.security.web.session.DisableEncodeUrlFilter@4bcaa38c, org.springframework.security.web.context.request.async.WebAsyncManagerIntegrationFilter@11620d7b, org.springframework.security.web.context.SecurityContextHolderFilter@6fa53b0d, org.springframework.security.web.header.HeaderWriterFilter@2ab3744a, org.springframework.web.filter.CorsFilter@4bd4960e, org.springframework.security.web.authentication.logout.LogoutFilter@2f822222, com.gogreen.ai.security.JwtAuthenticationFilter@95a02c0, org.springframework.security.web.savedrequest.RequestCacheAwareFilter@4393cb22, org.springframework.security.web.servletapi.SecurityContextHolderAwareRequestFilter@3b1bf4bf, org.springframework.security.web.authentication.AnonymousAuthenticationFilter@37cff0fe, org.springframework.security.web.session.SessionManagementFilter@13bf0814, org.springframework.security.web.access.ExceptionTranslationFilter@4aecb548, org.springframework.security.web.access.intercept.AuthorizationFilter@1a180d5b]
2026-08-10T12:06:12.785+05:30 DEBUG 19544 --- [GoGreen AI] [           main] s.w.s.m.m.a.RequestMappingHandlerAdapter : ControllerAdvice beans: 0 @ModelAttribute, 0 @InitBinder, 1 RequestBodyAdvice, 1 ResponseBodyAdvice
2026-08-10T12:06:12.822+05:30 DEBUG 19544 --- [GoGreen AI] [           main] .m.m.a.ExceptionHandlerExceptionResolver : ControllerAdvice beans: 2 @ExceptionHandler, 1 ResponseBodyAdvice
2026-08-10T12:06:13.244+05:30 DEBUG 19544 --- [GoGreen AI] [           main] .s.b.a.l.ConditionEvaluationReportLogger : 


============================
CONDITIONS EVALUATION REPORT
============================


Positive matches:
-----------------

   AopAutoConfiguration matched:
      - @ConditionalOnProperty (spring.aop.auto=true) matched (OnPropertyCondition)

   AopAutoConfiguration.AspectJAutoProxyingConfiguration matched:
      - @ConditionalOnClass found required class 'org.aspectj.weaver.Advice' (OnClassCondition)

   AopAutoConfiguration.AspectJAutoProxyingConfiguration.CglibAutoProxyConfiguration matched:
      - @ConditionalOnProperty (spring.aop.proxy-target-class=true) matched (OnPropertyCondition)

   ApplicationAvailabilityAutoConfiguration#applicationAvailability matched:
      - @ConditionalOnMissingBean (types: org.springframework.boot.availability.ApplicationAvailability; SearchStrategy: all) did not find any beans (OnBeanCondition)

   DataSourceAutoConfiguration matched:
      - @ConditionalOnClass found required classes 'javax.sql.DataSource', 'org.springframework.jdbc.datasource.embedded.EmbeddedDatabaseType' (OnClassCondition)
      - @ConditionalOnMissingBean (types: io.r2dbc.spi.ConnectionFactory; SearchStrategy: all) did not find any beans (OnBeanCondition)

   DataSourceAutoConfiguration.PooledDataSourceConfiguration matched:
      - AnyNestedCondition 1 matched 1 did not; NestedCondition on DataSourceAutoConfiguration.PooledDataSourceCondition.PooledDataSourceAvailable PooledDataSource found supported DataSource; NestedCondition on DataSourceAutoConfiguration.PooledDataSourceCondition.ExplicitType @ConditionalOnProperty (spring.datasource.type) did not find property 'type' (DataSourceAutoConfiguration.PooledDataSourceCondition)
      - @ConditionalOnMissingBean (types: javax.sql.DataSource,javax.sql.XADataSource; SearchStrategy: all) did not find any beans (OnBeanCondition)

   DataSourceAutoConfiguration.PooledDataSourceConfiguration#jdbcConnectionDetails matched:
      - @ConditionalOnMissingBean (types: org.springframework.boot.autoconfigure.jdbc.JdbcConnectionDetails; SearchStrategy: all) did not find any beans (OnBeanCondition)

   DataSourceConfiguration.Hikari matched:
      - @ConditionalOnClass found required class 'com.zaxxer.hikari.HikariDataSource' (OnClassCondition)
      - @ConditionalOnProperty (spring.datasource.type=com.zaxxer.hikari.HikariDataSource) matched (OnPropertyCondition)
      - @ConditionalOnMissingBean (types: javax.sql.DataSource; SearchStrategy: all) did not find any beans (OnBeanCondition)

   DataSourceInitializationConfiguration matched:
      - @ConditionalOnClass found required class 'org.springframework.jdbc.datasource.init.DatabasePopulator' (OnClassCondition)
      - @ConditionalOnSingleCandidate (types: javax.sql.DataSource; SearchStrategy: all) found a single bean 'dataSource'; @ConditionalOnMissingBean (types: org.springframework.boot.autoconfigure.sql.init.SqlDataSourceScriptDatabaseInitializer,org.springframework.boot.autoconfigure.sql.init.SqlR2dbcScriptDatabaseInitializer; SearchStrategy: all) did not find any beans (OnBeanCondition)

   DataSourcePoolMetadataProvidersConfiguration.HikariPoolDataSourceMetadataProviderConfiguration matched:
      - @ConditionalOnClass found required class 'com.zaxxer.hikari.HikariDataSource' (OnClassCondition)

   DataSourceTransactionManagerAutoConfiguration matched:
      - @ConditionalOnClass found required classes 'org.springframework.jdbc.core.JdbcTemplate', 'org.springframework.transaction.TransactionManager' (OnClassCondition)

   DataSourceTransactionManagerAutoConfiguration.JdbcTransactionManagerConfiguration matched:
      - @ConditionalOnSingleCandidate (types: javax.sql.DataSource; SearchStrategy: all) found a single bean 'dataSource' (OnBeanCondition)

   DispatcherServletAutoConfiguration matched:
      - @ConditionalOnClass found required class 'org.springframework.web.servlet.DispatcherServlet' (OnClassCondition)
      - found 'session' scope (OnWebApplicationCondition)

   DispatcherServletAutoConfiguration.DispatcherServletConfiguration matched:
      - @ConditionalOnClass found required class 'jakarta.servlet.ServletRegistration' (OnClassCondition)
      - Default DispatcherServlet did not find dispatcher servlet beans (DispatcherServletAutoConfiguration.DefaultDispatcherServletCondition)

   DispatcherServletAutoConfiguration.DispatcherServletRegistrationConfiguration matched:
      - @ConditionalOnClass found required class 'jakarta.servlet.ServletRegistration' (OnClassCondition)
      - DispatcherServlet Registration did not find servlet registration bean (DispatcherServletAutoConfiguration.DispatcherServletRegistrationCondition)

   DispatcherServletAutoConfiguration.DispatcherServletRegistrationConfiguration#dispatcherServletRegistration matched:
      - @ConditionalOnBean (names: dispatcherServlet types: org.springframework.web.servlet.DispatcherServlet; SearchStrategy: all) found bean 'dispatcherServlet' (OnBeanCondition)

   ErrorMvcAutoConfiguration matched:
      - @ConditionalOnClass found required classes 'jakarta.servlet.Servlet', 'org.springframework.web.servlet.DispatcherServlet' (OnClassCondition)
      - found 'session' scope (OnWebApplicationCondition)

   ErrorMvcAutoConfiguration#basicErrorController matched:
      - @ConditionalOnMissingBean (types: org.springframework.boot.web.servlet.error.ErrorController; SearchStrategy: current) did not find any beans (OnBeanCondition)

   ErrorMvcAutoConfiguration#errorAttributes matched:
      - @ConditionalOnMissingBean (types: org.springframework.boot.web.servlet.error.ErrorAttributes; SearchStrategy: current) did not find any beans (OnBeanCondition)

   ErrorMvcAutoConfiguration.DefaultErrorViewResolverConfiguration#conventionErrorViewResolver matched:
      - @ConditionalOnBean (types: org.springframework.web.servlet.DispatcherServlet; SearchStrategy: all) found bean 'dispatcherServlet'; @ConditionalOnMissingBean (types: org.springframework.boot.autoconfigure.web.servlet.error.ErrorViewResolver; SearchStrategy: all) did not find any beans (OnBeanCondition)

   ErrorMvcAutoConfiguration.WhitelabelErrorViewConfiguration matched:
      - @ConditionalOnProperty (server.error.whitelabel.enabled) matched (OnPropertyCondition)
      - ErrorTemplate Missing did not find error template view (ErrorMvcAutoConfiguration.ErrorTemplateMissingCondition)

   ErrorMvcAutoConfiguration.WhitelabelErrorViewConfiguration#beanNameViewResolver matched:
      - @ConditionalOnMissingBean (types: org.springframework.web.servlet.view.BeanNameViewResolver; SearchStrategy: all) did not find any beans (OnBeanCondition)

   ErrorMvcAutoConfiguration.WhitelabelErrorViewConfiguration#defaultErrorView matched:
      - @ConditionalOnMissingBean (names: error; SearchStrategy: all) did not find any beans (OnBeanCondition)

   GenericCacheConfiguration matched:
      - Cache org.springframework.boot.autoconfigure.cache.GenericCacheConfiguration automatic cache type (CacheCondition)

   HibernateJpaAutoConfiguration matched:
      - @ConditionalOnClass found required classes 'org.springframework.orm.jpa.LocalContainerEntityManagerFactoryBean', 'jakarta.persistence.EntityManager', 'org.hibernate.engine.spi.SessionImplementor' (OnClassCondition)

   HibernateJpaConfiguration matched:
      - @ConditionalOnSingleCandidate (types: javax.sql.DataSource; SearchStrategy: all) found a single bean 'dataSource' (OnBeanCondition)

   HttpEncodingAutoConfiguration matched:
      - @ConditionalOnClass found required class 'org.springframework.web.filter.CharacterEncodingFilter' (OnClassCondition)
      - found 'session' scope (OnWebApplicationCondition)
      - @ConditionalOnProperty (server.servlet.encoding.enabled) matched (OnPropertyCondition)

   HttpEncodingAutoConfiguration#characterEncodingFilter matched:
      - @ConditionalOnMissingBean (types: org.springframework.web.filter.CharacterEncodingFilter; SearchStrategy: all) did not find any beans (OnBeanCondition)

   HttpMessageConvertersAutoConfiguration matched:
      - @ConditionalOnClass found required class 'org.springframework.http.converter.HttpMessageConverter' (OnClassCondition)
      - NoneNestedConditions 0 matched 1 did not; NestedCondition on HttpMessageConvertersAutoConfiguration.NotReactiveWebApplicationCondition.ReactiveWebApplication did not find reactive web application classes (HttpMessageConvertersAutoConfiguration.NotReactiveWebApplicationCondition)

   HttpMessageConvertersAutoConfiguration#messageConverters matched:
      - @ConditionalOnMissingBean (types: org.springframework.boot.autoconfigure.http.HttpMessageConverters; SearchStrategy: all) did not find any beans (OnBeanCondition)

   HttpMessageConvertersAutoConfiguration.StringHttpMessageConverterConfiguration matched:
      - @ConditionalOnClass found required class 'org.springframework.http.converter.StringHttpMessageConverter' (OnClassCondition)

   HttpMessageConvertersAutoConfiguration.StringHttpMessageConverterConfiguration#stringHttpMessageConverter matched:
      - @ConditionalOnMissingBean (types: org.springframework.http.converter.StringHttpMessageConverter; SearchStrategy: all) did not find any beans (OnBeanCondition)

   JacksonAutoConfiguration matched:
      - @ConditionalOnClass found required class 'com.fasterxml.jackson.databind.ObjectMapper' (OnClassCondition)

   JacksonAutoConfiguration.Jackson2ObjectMapperBuilderCustomizerConfiguration matched:
      - @ConditionalOnClass found required class 'org.springframework.http.converter.json.Jackson2ObjectMapperBuilder' (OnClassCondition)

   JacksonAutoConfiguration.JacksonObjectMapperBuilderConfiguration matched:
      - @ConditionalOnClass found required class 'org.springframework.http.converter.json.Jackson2ObjectMapperBuilder' (OnClassCondition)

   JacksonAutoConfiguration.JacksonObjectMapperBuilderConfiguration#jacksonObjectMapperBuilder matched:
      - @ConditionalOnMissingBean (types: org.springframework.http.converter.json.Jackson2ObjectMapperBuilder; SearchStrategy: all) did not find any beans (OnBeanCondition)

   JacksonAutoConfiguration.JacksonObjectMapperConfiguration matched:
      - @ConditionalOnClass found required class 'org.springframework.http.converter.json.Jackson2ObjectMapperBuilder' (OnClassCondition)

   JacksonAutoConfiguration.JacksonObjectMapperConfiguration#jacksonObjectMapper matched:
      - @ConditionalOnMissingBean (types: com.fasterxml.jackson.databind.ObjectMapper; SearchStrategy: all) did not find any beans (OnBeanCondition)

   JacksonAutoConfiguration.ParameterNamesModuleConfiguration matched:
      - @ConditionalOnClass found required class 'com.fasterxml.jackson.module.paramnames.ParameterNamesModule' (OnClassCondition)

   JacksonAutoConfiguration.ParameterNamesModuleConfiguration#parameterNamesModule matched:
      - @ConditionalOnMissingBean (types: com.fasterxml.jackson.module.paramnames.ParameterNamesModule; SearchStrategy: all) did not find any beans (OnBeanCondition)

   JacksonHttpMessageConvertersConfiguration.MappingJackson2HttpMessageConverterConfiguration matched:
      - @ConditionalOnClass found required class 'com.fasterxml.jackson.databind.ObjectMapper' (OnClassCondition)
      - @ConditionalOnProperty (spring.mvc.converters.preferred-json-mapper=jackson) matched (OnPropertyCondition)
      - @ConditionalOnBean (types: com.fasterxml.jackson.databind.ObjectMapper; SearchStrategy: all) found bean 'jacksonObjectMapper' (OnBeanCondition)

   JacksonHttpMessageConvertersConfiguration.MappingJackson2HttpMessageConverterConfiguration#mappingJackson2HttpMessageConverter matched:
      - @ConditionalOnMissingBean (types: org.springframework.http.converter.json.MappingJackson2HttpMessageConverter ignored: org.springframework.hateoas.server.mvc.TypeConstrainedMappingJackson2HttpMessageConverter,org.springframework.data.rest.webmvc.alps.AlpsJsonHttpMessageConverter; SearchStrategy: all) did not find any beans (OnBeanCondition)

   JdbcClientAutoConfiguration matched:
      - @ConditionalOnSingleCandidate (types: org.springframework.jdbc.core.namedparam.NamedParameterJdbcTemplate; SearchStrategy: all) found a single bean 'namedParameterJdbcTemplate'; @ConditionalOnMissingBean (types: org.springframework.jdbc.core.simple.JdbcClient; SearchStrategy: all) did not find any beans (OnBeanCondition)

   JdbcTemplateAutoConfiguration matched:
      - @ConditionalOnClass found required classes 'javax.sql.DataSource', 'org.springframework.jdbc.core.JdbcTemplate' (OnClassCondition)
      - @ConditionalOnSingleCandidate (types: javax.sql.DataSource; SearchStrategy: all) found a single bean 'dataSource' (OnBeanCondition)

   JdbcTemplateConfiguration matched:
      - @ConditionalOnMissingBean (types: org.springframework.jdbc.core.JdbcOperations; SearchStrategy: all) did not find any beans (OnBeanCondition)

   JpaBaseConfiguration#entityManagerFactory matched:
      - @ConditionalOnMissingBean (types: org.springframework.orm.jpa.LocalContainerEntityManagerFactoryBean,jakarta.persistence.EntityManagerFactory; SearchStrategy: all) did not find any beans (OnBeanCondition)

   JpaBaseConfiguration#entityManagerFactoryBuilder matched:
      - @ConditionalOnMissingBean (types: org.springframework.boot.orm.jpa.EntityManagerFactoryBuilder; SearchStrategy: all) did not find any beans (OnBeanCondition)

   JpaBaseConfiguration#jpaVendorAdapter matched:
      - @ConditionalOnMissingBean (types: org.springframework.orm.jpa.JpaVendorAdapter; SearchStrategy: all) did not find any beans (OnBeanCondition)

   JpaBaseConfiguration#transactionManager matched:
      - @ConditionalOnMissingBean (types: org.springframework.transaction.TransactionManager; SearchStrategy: all) did not find any beans (OnBeanCondition)

   JpaBaseConfiguration.JpaWebConfiguration matched:
      - @ConditionalOnClass found required class 'org.springframework.web.servlet.config.annotation.WebMvcConfigurer' (OnClassCondition)
      - found 'session' scope (OnWebApplicationCondition)
      - @ConditionalOnProperty (spring.jpa.open-in-view=true) matched (OnPropertyCondition)
      - @ConditionalOnMissingBean (types: org.springframework.orm.jpa.support.OpenEntityManagerInViewInterceptor,org.springframework.orm.jpa.support.OpenEntityManagerInViewFilter; SearchStrategy: all) did not find any beans (OnBeanCondition)

   JpaBaseConfiguration.PersistenceManagedTypesConfiguration matched:
      - @ConditionalOnMissingBean (types: org.springframework.orm.jpa.LocalContainerEntityManagerFactoryBean,jakarta.persistence.EntityManagerFactory; SearchStrategy: all) did not find any beans (OnBeanCondition)

   JpaBaseConfiguration.PersistenceManagedTypesConfiguration#persistenceManagedTypes matched:
      - @ConditionalOnMissingBean (types: org.springframework.orm.jpa.persistenceunit.PersistenceManagedTypes; SearchStrategy: all) did not find any beans (OnBeanCondition)

   JpaRepositoriesAutoConfiguration matched:
      - @ConditionalOnClass found required class 'org.springframework.data.jpa.repository.JpaRepository' (OnClassCondition)
      - @ConditionalOnProperty (spring.data.jpa.repositories.enabled=true) matched (OnPropertyCondition)
      - @ConditionalOnBean (types: javax.sql.DataSource; SearchStrategy: all) found bean 'dataSource'; @ConditionalOnMissingBean (types: org.springframework.data.jpa.repository.support.JpaRepositoryFactoryBean,org.springframework.data.jpa.repository.config.JpaRepositoryConfigExtension; SearchStrategy: all) did not find any beans (OnBeanCondition)

   JtaAutoConfiguration matched:
      - @ConditionalOnClass found required class 'jakarta.transaction.Transaction' (OnClassCondition)
      - @ConditionalOnProperty (spring.jta.enabled) matched (OnPropertyCondition)

   LifecycleAutoConfiguration#defaultLifecycleProcessor matched:
      - @ConditionalOnMissingBean (names: lifecycleProcessor; SearchStrategy: current) did not find any beans (OnBeanCondition)

   MultipartAutoConfiguration matched:
      - @ConditionalOnClass found required classes 'jakarta.servlet.Servlet', 'org.springframework.web.multipart.support.StandardServletMultipartResolver', 'jakarta.servlet.MultipartConfigElement' (OnClassCondition)
      - found 'session' scope (OnWebApplicationCondition)
      - @ConditionalOnProperty (spring.servlet.multipart.enabled) matched (OnPropertyCondition)

   MultipartAutoConfiguration#multipartConfigElement matched:
      - @ConditionalOnMissingBean (types: jakarta.servlet.MultipartConfigElement; SearchStrategy: all) did not find any beans (OnBeanCondition)

   MultipartAutoConfiguration#multipartResolver matched:
      - @ConditionalOnMissingBean (types: org.springframework.web.multipart.MultipartResolver; SearchStrategy: all) did not find any beans (OnBeanCondition)

   NamedParameterJdbcTemplateConfiguration matched:
      - @ConditionalOnSingleCandidate (types: org.springframework.jdbc.core.JdbcTemplate; SearchStrategy: all) found a single bean 'jdbcTemplate'; @ConditionalOnMissingBean (types: org.springframework.jdbc.core.namedparam.NamedParameterJdbcOperations; SearchStrategy: all) did not find any beans (OnBeanCondition)

   NoOpCacheConfiguration matched:
      - Cache org.springframework.boot.autoconfigure.cache.NoOpCacheConfiguration automatic cache type (CacheCondition)

   PersistenceExceptionTranslationAutoConfiguration matched:
      - @ConditionalOnClass found required class 'org.springframework.dao.annotation.PersistenceExceptionTranslationPostProcessor' (OnClassCondition)

   PersistenceExceptionTranslationAutoConfiguration#persistenceExceptionTranslationPostProcessor matched:
      - @ConditionalOnProperty (spring.dao.exceptiontranslation.enabled) matched (OnPropertyCondition)
      - @ConditionalOnMissingBean (types: org.springframework.dao.annotation.PersistenceExceptionTranslationPostProcessor; SearchStrategy: all) did not find any beans (OnBeanCondition)

   PropertyPlaceholderAutoConfiguration#propertySourcesPlaceholderConfigurer matched:
      - @ConditionalOnMissingBean (types: org.springframework.context.support.PropertySourcesPlaceholderConfigurer; SearchStrategy: current) did not find any beans (OnBeanCondition)

   RestClientAutoConfiguration matched:
      - @ConditionalOnClass found required class 'org.springframework.web.client.RestClient' (OnClassCondition)
      - NoneNestedConditions 0 matched 1 did not; NestedCondition on NotReactiveWebApplicationCondition.ReactiveWebApplication did not find reactive web application classes (NotReactiveWebApplicationCondition)

   RestClientAutoConfiguration#httpMessageConvertersRestClientCustomizer matched:
      - @ConditionalOnMissingBean (types: org.springframework.boot.autoconfigure.web.client.HttpMessageConvertersRestClientCustomizer; SearchStrategy: all) did not find any beans (OnBeanCondition)

   RestClientAutoConfiguration#restClientBuilder matched:
      - @ConditionalOnMissingBean (types: org.springframework.web.client.RestClient$Builder; SearchStrategy: all) did not find any beans (OnBeanCondition)

   RestClientAutoConfiguration#restClientBuilderConfigurer matched:
      - @ConditionalOnMissingBean (types: org.springframework.boot.autoconfigure.web.client.RestClientBuilderConfigurer; SearchStrategy: all) did not find any beans (OnBeanCondition)

   RestClientAutoConfiguration#restClientSsl matched:
[...]
      Did not match:
         - @ConditionalOnClass did not find required class 'kotlin.coroutines.Continuation' (OnClassCondition)

   SpringDocKotlinxConfiguration:
      Did not match:
         - @ConditionalOnClass did not find required class 'kotlinx.coroutines.flow.Flow' (OnClassCondition)

   SpringDocSecurityConfiguration.SpringDocSecurityOAuth2Configuration:
      Did not match:
         - @ConditionalOnClass did not find required class 'org.springframework.security.oauth2.server.authorization.OAuth2AuthorizationService' (OnClassCondition)

   SpringDocSecurityConfiguration.SpringSecurityLoginEndpointConfiguration#springSecurityLoginEndpointCustomiser:
      Did not match:
         - @ConditionalOnProperty (springdoc.show-login-endpoint) did not find property 'springdoc.show-login-endpoint' (OnPropertyCondition)

   SpringDocSortConfiguration#delegatingMethodParameterCustomizer:
      Did not match:
         - @ConditionalOnMissingBean (types: org.springdoc.core.customizers.DelegatingMethodParameterCustomizer; SearchStrategy: all) found beans of type 'org.springdoc.core.customizers.DelegatingMethodParameterCustomizer' delegatingMethodParameterCustomizer (OnBeanCondition)

   SpringDocWebMvcConfiguration.SpringDocWebMvcActuatorConfiguration:
      Did not match:
         - @ConditionalOnClass did not find required class 'org.springframework.boot.actuate.endpoint.web.servlet.WebMvcEndpointHandlerMapping' (OnClassCondition)

   SwaggerConfig#springWebProvider:
      Did not match:
         - @ConditionalOnMissingBean (types: org.springdoc.core.providers.SpringWebProvider; SearchStrategy: all) found beans of type 'org.springdoc.core.providers.SpringWebProvider' springWebProvider (OnBeanCondition)

   SwaggerConfig#swaggerUiConfigParameters:
      Did not match:
         - @ConditionalOnMissingBean (types: org.springdoc.core.properties.SwaggerUiConfigParameters; SearchStrategy: all) found beans of type 'org.springdoc.core.properties.SwaggerUiConfigParameters' org.springdoc.core.properties.SwaggerUiConfigParameters (OnBeanCondition)

   SwaggerConfig#swaggerUiHome:
      Did not match:
         - @ConditionalOnProperty (springdoc.swagger-ui.use-root-path=true) did not find property 'springdoc.swagger-ui.use-root-path' (OnPropertyCondition)

   SwaggerConfig.SwaggerActuatorWelcomeConfiguration:
      Did not match:
         - @ConditionalOnClass did not find required class 'org.springframework.boot.actuate.endpoint.web.servlet.WebMvcEndpointHandlerMapping' (OnClassCondition)

   TaskExecutorConfigurations.SimpleAsyncTaskExecutorBuilderConfiguration#simpleAsyncTaskExecutorBuilderVirtualThreads:
      Did not match:
         - @ConditionalOnMissingBean (types: org.springframework.boot.task.SimpleAsyncTaskExecutorBuilder; SearchStrategy: all) found beans of type 'org.springframework.boot.task.SimpleAsyncTaskExecutorBuilder' simpleAsyncTaskExecutorBuilder (OnBeanCondition)

   TaskExecutorConfigurations.TaskExecutorConfiguration#applicationTaskExecutorVirtualThreads:
      Did not match:
         - @ConditionalOnThreading did not find VIRTUAL (OnThreadingCondition)

   TaskSchedulingAutoConfiguration#scheduledBeanLazyInitializationExcludeFilter:
      Did not match:
         - @ConditionalOnBean (names: org.springframework.context.annotation.internalScheduledAnnotationProcessor; SearchStrategy: all) did not find any beans named org.springframework.context.annotation.internalScheduledAnnotationProcessor (OnBeanCondition)

   TaskSchedulingConfigurations.SimpleAsyncTaskSchedulerBuilderConfiguration#simpleAsyncTaskSchedulerBuilderVirtualThreads:
      Did not match:
         - @ConditionalOnMissingBean (types: org.springframework.boot.task.SimpleAsyncTaskSchedulerBuilder; SearchStrategy: all) found beans of type 'org.springframework.boot.task.SimpleAsyncTaskSchedulerBuilder' simpleAsyncTaskSchedulerBuilder (OnBeanCondition)

   TaskSchedulingConfigurations.TaskSchedulerConfiguration:
      Did not match:
         - @ConditionalOnBean (names: org.springframework.context.annotation.internalScheduledAnnotationProcessor; SearchStrategy: all) did not find any beans named org.springframework.context.annotation.internalScheduledAnnotationProcessor (OnBeanCondition)

   ThymeleafAutoConfiguration:
      Did not match:
         - @ConditionalOnClass did not find required class 'org.thymeleaf.spring6.SpringTemplateEngine' (OnClassCondition)

   TransactionAutoConfiguration#transactionalOperator:
      Did not match:
         - @ConditionalOnSingleCandidate (types: org.springframework.transaction.ReactiveTransactionManager; SearchStrategy: all) did not find any beans (OnBeanCondition)

   TransactionAutoConfiguration.AspectJTransactionManagementConfiguration:
      Did not match:
         - @ConditionalOnBean (types: org.springframework.transaction.aspectj.AbstractTransactionAspect; SearchStrategy: all) did not find any beans of type org.springframework.transaction.aspectj.AbstractTransactionAspect (OnBeanCondition)

   TransactionAutoConfiguration.EnableTransactionManagementConfiguration.JdkDynamicAutoProxyConfiguration:
      Did not match:
         - @ConditionalOnProperty (spring.aop.proxy-target-class=false) did not find property 'proxy-target-class' (OnPropertyCondition)

   UserDetailsServiceAutoConfiguration:
      Did not match:
         - @ConditionalOnMissingBean (types: org.springframework.security.authentication.AuthenticationManager,org.springframework.security.authentication.AuthenticationProvider,org.springframework.security.core.userdetails.UserDetailsService,org.springframework.security.authentication.AuthenticationManagerResolver,org.springframework.security.oauth2.jwt.JwtDecoder; SearchStrategy: all) found beans of type 'org.springframework.security.authentication.AuthenticationManager' authenticationManager and found beans of type 'org.springframework.security.core.userdetails.UserDetailsService' customUserDetailsService (OnBeanCondition)
      Matched:
         - @ConditionalOnClass found required class 'org.springframework.security.authentication.AuthenticationManager' (OnClassCondition)
         - AnyNestedCondition 1 matched 2 did not; NestedCondition on UserDetailsServiceAutoConfiguration.MissingAlternativeOrUserPropertiesConfigured.PasswordConfigured @ConditionalOnProperty (spring.security.user.password) did not find property 'password'; NestedCondition on UserDetailsServiceAutoConfiguration.MissingAlternativeOrUserPropertiesConfigured.NameConfigured @ConditionalOnProperty (spring.security.user.name) did not find property 'name'; NestedCondition on UserDetailsServiceAutoConfiguration.MissingAlternativeOrUserPropertiesConfigured.MissingAlternative @ConditionalOnMissingClass did not find unwanted classes 'org.springframework.security.oauth2.client.registration.ClientRegistrationRepository', 'org.springframework.security.oauth2.server.resource.introspection.OpaqueTokenIntrospector', 'org.springframework.security.saml2.provider.service.registration.RelyingPartyRegistrationRepository' (UserDetailsServiceAutoConfiguration.MissingAlternativeOrUserPropertiesConfigured)

   WebClientAutoConfiguration:
      Did not match:
         - @ConditionalOnClass did not find required class 'org.springframework.web.reactive.function.client.WebClient' (OnClassCondition)

   WebFluxAutoConfiguration:
      Did not match:
         - @ConditionalOnClass did not find required class 'org.springframework.web.reactive.config.WebFluxConfigurer' (OnClassCondition)

   WebMvcAutoConfiguration#hiddenHttpMethodFilter:
      Did not match:
         - @ConditionalOnProperty (spring.mvc.hiddenmethod.filter.enabled) did not find property 'enabled' (OnPropertyCondition)

   WebMvcAutoConfiguration.ProblemDetailsErrorHandlingConfiguration:
      Did not match:
         - @ConditionalOnProperty (spring.mvc.problemdetails.enabled=true) did not find property 'enabled' (OnPropertyCondition)

   WebMvcAutoConfiguration.ResourceChainCustomizerConfiguration:
      Did not match:
         - @ConditionalOnEnabledResourceChain did not find class org.webjars.WebJarAssetLocator (OnEnabledResourceChainCondition)

   WebMvcAutoConfiguration.WebMvcAutoConfigurationAdapter#beanNameViewResolver:
      Did not match:
         - @ConditionalOnMissingBean (types: org.springframework.web.servlet.view.BeanNameViewResolver; SearchStrategy: all) found beans of type 'org.springframework.web.servlet.view.BeanNameViewResolver' beanNameViewResolver (OnBeanCondition)

   WebServiceTemplateAutoConfiguration:
      Did not match:
         - @ConditionalOnClass did not find required class 'org.springframework.oxm.Marshaller' (OnClassCondition)

   WebServicesAutoConfiguration:
      Did not match:
         - @ConditionalOnClass did not find required class 'org.springframework.ws.transport.http.MessageDispatcherServlet' (OnClassCondition)

   WebSessionIdResolverAutoConfiguration:
      Did not match:
         - @ConditionalOnClass did not find required class 'reactor.core.publisher.Mono' (OnClassCondition)

   WebSocketMessagingAutoConfiguration:
      Did not match:
         - @ConditionalOnClass did not find required class 'org.springframework.web.socket.config.annotation.WebSocketMessageBrokerConfigurer' (OnClassCondition)

   WebSocketReactiveAutoConfiguration:
      Did not match:
         - @ConditionalOnWebApplication did not find reactive web application classes (OnWebApplicationCondition)

   WebSocketServletAutoConfiguration.JettyWebSocketConfiguration:
      Did not match:
         - @ConditionalOnClass did not find required class 'org.eclipse.jetty.ee10.websocket.jakarta.server.config.JakartaWebSocketServletContainerInitializer' (OnClassCondition)

   WebSocketServletAutoConfiguration.UndertowWebSocketConfiguration:
      Did not match:
         - @ConditionalOnClass did not find required class 'io.undertow.websockets.jsr.Bootstrap' (OnClassCondition)

   XADataSourceAutoConfiguration:
      Did not match:
         - @ConditionalOnBean (types: org.springframework.boot.jdbc.XADataSourceWrapper; SearchStrategy: all) did not find any beans of type org.springframework.boot.jdbc.XADataSourceWrapper (OnBeanCondition)
      Matched:
         - @ConditionalOnClass found required classes 'javax.sql.DataSource', 'jakarta.transaction.TransactionManager', 'org.springframework.jdbc.datasource.embedded.EmbeddedDatabaseType' (OnClassCondition)


Exclusions:
-----------

    None


Unconditional classes:
----------------------

    org.springframework.boot.autoconfigure.context.ConfigurationPropertiesAutoConfiguration

    org.springframework.boot.autoconfigure.ssl.SslAutoConfiguration

    org.springframework.boot.autoconfigure.context.PropertyPlaceholderAutoConfiguration

    org.springframework.boot.autoconfigure.context.LifecycleAutoConfiguration

    org.springdoc.core.configuration.SpringDocSpecPropertiesConfiguration

    org.springframework.boot.autoconfigure.availability.ApplicationAvailabilityAutoConfiguration

    org.springframework.boot.autoconfigure.info.ProjectInfoAutoConfiguration



2026-08-10T12:06:13.250+05:30  INFO 19544 --- [GoGreen AI] [           main] c.g.ai.config.AdminDataInitializerTest   : Started AdminDataInitializerTest in 7.926 seconds (process running for 9.215)
2026-08-10T12:06:13.252+05:30 DEBUG 19544 --- [GoGreen AI] [           main] o.s.b.a.ApplicationAvailabilityBean      : Application availability state LivenessState changed to CORRECT
2026-08-10T12:06:13.357+05:30 DEBUG 19544 --- [GoGreen AI] [           main] org.hibernate.SQL                        : 
    select
        u1_0.id 
    from
        users u1_0 
    where
        u1_0.username=? 
    fetch
        first ? rows only
Hibernate: 
    select
        u1_0.id 
    from
        users u1_0 
    where
        u1_0.username=? 
    fetch
        first ? rows only
2026-08-10T12:06:13.368+05:30 DEBUG 19544 --- [GoGreen AI] [           main] org.hibernate.SQL                        : 
    select
        u1_0.id 
    from
        users u1_0 
    where
        u1_0.email=? 
    fetch
        first ? rows only
Hibernate: 
    select
        u1_0.id 
    from
        users u1_0 
    where
        u1_0.email=? 
    fetch
        first ? rows only
2026-08-10T12:06:13.381+05:30 DEBUG 19544 --- [GoGreen AI] [           main] org.hibernate.SQL                        : 
    select
        r1_0.id,
        r1_0.created_at,
        r1_0.name,
        r1_0.updated_at 
    from
        roles r1_0 
    where
        r1_0.name=?
Hibernate: 
    select
        r1_0.id,
        r1_0.created_at,
        r1_0.name,
        r1_0.updated_at 
    from
        roles r1_0 
    where
        r1_0.name=?
2026-08-10T12:06:13.498+05:30  INFO 19544 --- [GoGreen AI] [           main] c.g.ai.config.AdminDataInitializer       : Default admin created successfully
2026-08-10T12:06:13.524+05:30 DEBUG 19544 --- [GoGreen AI] [           main] org.hibernate.SQL                        : 
    insert 
    into
        roles
        (created_at, name, updated_at, id) 
    values
        (?, ?, ?, ?)
Hibernate: 
    insert 
    into
        roles
        (created_at, name, updated_at, id) 
    values
        (?, ?, ?, ?)
2026-08-10T12:06:13.551+05:30 DEBUG 19544 --- [GoGreen AI] [           main] org.hibernate.SQL                        : 
    insert 
    into
        users
        (approval_status, created_at, is_deleted, email, enabled, name, password, phone_number, rejection_reason, updated_at, username, id) 
    values
        (?, ?, ?, ?, ?, ?, ?, ?, ?, ?, ?, ?)
Hibernate: 
    insert 
    into
        users
        (approval_status, created_at, is_deleted, email, enabled, name, password, phone_number, rejection_reason, updated_at, username, id) 
    values
        (?, ?, ?, ?, ?, ?, ?, ?, ?, ?, ?, ?)
2026-08-10T12:06:13.555+05:30 DEBUG 19544 --- [GoGreen AI] [           main] org.hibernate.SQL                        : 
    insert 
    into
        users_roles
        (user_id, role_id) 
    values
        (?, ?)
Hibernate: 
    insert 
    into
        users_roles
        (user_id, role_id) 
    values
        (?, ?)
2026-08-10T12:06:13.559+05:30 DEBUG 19544 --- [GoGreen AI] [           main] o.s.b.a.ApplicationAvailabilityBean      : Application availability state ReadinessState changed to ACCEPTING_TRAFFIC
2026-08-10T12:06:13.983+05:30 DEBUG 19544 --- [GoGreen AI] [           main] org.hibernate.SQL                        : 
    select
        u1_0.id,
        u1_0.approval_status,
        u1_0.created_at,
        u1_0.is_deleted,
        u1_0.email,
        u1_0.enabled,
        u1_0.name,
        u1_0.password,
        u1_0.phone_number,
        u1_0.rejection_reason,
        u1_0.updated_at,
        u1_0.username 
    from
        users u1_0 
    where
        u1_0.username=?
Hibernate: 
    select
        u1_0.id,
        u1_0.approval_status,
        u1_0.created_at,
        u1_0.is_deleted,
        u1_0.email,
        u1_0.enabled,
        u1_0.name,
        u1_0.password,
        u1_0.phone_number,
        u1_0.rejection_reason,
        u1_0.updated_at,
        u1_0.username 
    from
        users u1_0 
    where
        u1_0.username=?
2026-08-10T12:06:13.999+05:30 DEBUG 19544 --- [GoGreen AI] [           main] org.hibernate.SQL                        : 
    select
        r1_0.user_id,
        r1_1.id,
        r1_1.created_at,
        r1_1.name,
        r1_1.updated_at 
    from
        users_roles r1_0 
    join
        roles r1_1 
            on r1_1.id=r1_0.role_id 
    where
        r1_0.user_id=?
Hibernate: 
    select
        r1_0.user_id,
        r1_1.id,
        r1_1.created_at,
        r1_1.name,
        r1_1.updated_at 
    from
        users_roles r1_0 
    join
        roles r1_1 
            on r1_1.id=r1_0.role_id 
    where
        r1_0.user_id=?
]]></system-out>
    <system-err><![CDATA[WARNING: A Java agent has been loaded dynamically (C:\Users\Sharayu\.m2\repository\net\bytebuddy\byte-buddy-agent\1.14.12\byte-buddy-agent-1.14.12.jar)
WARNING: If a serviceability tool is in use, please run with -XX:+EnableDynamicAgentLoading to hide this warning
WARNING: If a serviceability tool is not in use, please run with -Djdk.instrument.traceUsage for more information
WARNING: Dynamic loading of agents will be disallowed by default in a future release
]]></system-err>
  </testcase>
  <testcase name="roleEnumReused_existingAdminRoleUsed" classname="com.gogreen.ai.config.AdminDataInitializerTest" time="0.015">
    <system-out><![CDATA[2026-08-10T12:06:14.091+05:30 DEBUG 19544 --- [GoGreen AI] [           main] org.hibernate.SQL                        : 
    select
        r1_0.id 
    from
        roles r1_0 
    where
        r1_0.name=? 
    fetch
        first ? rows only
Hibernate: 
    select
        r1_0.id 
    from
        roles r1_0 
    where
        r1_0.name=? 
    fetch
        first ? rows only
]]></system-out>
  </testcase>
  <testcase name="runningInitializerAgain_doesNotCreateDuplicateAdmin" classname="com.gogreen.ai.config.AdminDataInitializerTest" time="0.017">
    <system-out><![CDATA[2026-08-10T12:06:14.107+05:30 DEBUG 19544 --- [GoGreen AI] [           main] org.hibernate.SQL                        : 
    select
        u1_0.id 
    from
        users u1_0 
    where
        u1_0.username=? 
    fetch
        first ? rows only
Hibernate: 
    select
        u1_0.id 
    from
        users u1_0 
    where
        u1_0.username=? 
    fetch
        first ? rows only
2026-08-10T12:06:14.108+05:30  INFO 19544 --- [GoGreen AI] [           main] c.g.ai.config.AdminDataInitializer       : Admin already exists; skipping initialization
2026-08-10T12:06:14.110+05:30 DEBUG 19544 --- [GoGreen AI] [           main] org.hibernate.SQL                        : 
    select
        u1_0.id,
        u1_0.approval_status,
        u1_0.created_at,
        u1_0.is_deleted,
        u1_0.email,
        u1_0.enabled,
        u1_0.name,
        u1_0.password,
        u1_0.phone_number,
        u1_0.rejection_reason,
        u1_0.updated_at,
        u1_0.username 
    from
        users u1_0 
    where
        u1_0.username=?
Hibernate: 
    select
        u1_0.id,
        u1_0.approval_status,
        u1_0.created_at,
        u1_0.is_deleted,
        u1_0.email,
        u1_0.enabled,
        u1_0.name,
        u1_0.password,
        u1_0.phone_number,
        u1_0.rejection_reason,
        u1_0.updated_at,
        u1_0.username 
    from
        users u1_0 
    where
        u1_0.username=?
2026-08-10T12:06:14.114+05:30 DEBUG 19544 --- [GoGreen AI] [           main] org.hibernate.SQL                        : 
    select
        u1_0.id,
        u1_0.approval_status,
        u1_0.created_at,
        u1_0.is_deleted,
        u1_0.email,
        u1_0.enabled,
        u1_0.name,
        u1_0.password,
        u1_0.phone_number,
        u1_0.rejection_reason,
        u1_0.updated_at,
        u1_0.username 
    from
        users u1_0 
    where
        u1_0.username=?
Hibernate: 
    select
        u1_0.id,
        u1_0.approval_status,
        u1_0.created_at,
        u1_0.is_deleted,
        u1_0.email,
        u1_0.enabled,
        u1_0.name,
        u1_0.password,
        u1_0.phone_number,
        u1_0.rejection_reason,
        u1_0.updated_at,
        u1_0.username 
    from
        users u1_0 
    where
        u1_0.username=?
2026-08-10T12:06:14.115+05:30 DEBUG 19544 --- [GoGreen AI] [           main] org.hibernate.SQL                        : 
    select
        r1_0.user_id,
        r1_1.id,
        r1_1.created_at,
        r1_1.name,
        r1_1.updated_at 
    from
        users_roles r1_0 
    join
        roles r1_1 
            on r1_1.id=r1_0.role_id 
    where
        r1_0.user_id=?
Hibernate: 
    select
        r1_0.user_id,
        r1_1.id,
        r1_1.created_at,
        r1_1.name,
        r1_1.updated_at 
    from
        users_roles r1_0 
    join
        roles r1_1 
            on r1_1.id=r1_0.role_id 
    where
        r1_0.user_id=?
]]></system-out>
  </testcase>
</testsuite>